Connecting to database specified by database.yml
Connecting to database specified by database.yml
Connecting to database specified by database.yml
Connecting to database specified by database.yml
Connecting to database specified by database.yml
Connecting to database specified by database.yml
Connecting to database specified by database.yml
Connecting to database specified by database.yml
  [1m[36m (47.7ms)[0m  [1mCREATE TABLE "schema_migrations" ("version" character varying(255) NOT NULL) [0m
  [1m[35m (4.4ms)[0m   SELECT distinct i.relname, d.indisunique, d.indkey, pg_get_indexdef(d.indexrelid), t.oid
 FROM pg_class t
 INNER JOIN pg_index d ON t.oid = d.indrelid
 INNER JOIN pg_class i ON d.indexrelid = i.oid
 WHERE i.relkind = 'i'
 AND d.indisprimary = 'f'
 AND t.relname = 'schema_migrations'
 AND i.relnamespace IN (SELECT oid FROM pg_namespace WHERE nspname = ANY (current_schemas(false)) )
 ORDER BY i.relname

  [1m[36m (114.5ms)[0m  [1mCREATE UNIQUE INDEX "unique_schema_migrations" ON "schema_migrations" ("version")[0m
  [1m[35m (0.7ms)[0m  SELECT "schema_migrations"."version" FROM "schema_migrations" 
Migrating to CreateUsers (20130810151507)
  [1m[36m (0.4ms)[0m  [1mBEGIN[0m
  [1m[35m (177.8ms)[0m  CREATE TABLE "users" ("id" serial primary key, "username" character varying(255), "email" character varying(255), "crypted_password" character varying(255), "password_salt" character varying(255), "persistence_token" character varying(255), "created_at" timestamp NOT NULL, "updated_at" timestamp NOT NULL) 
  [1m[36m (0.8ms)[0m  [1mINSERT INTO "schema_migrations" ("version") VALUES ('20130810151507')[0m
  [1m[35m (28.7ms)[0m  COMMIT
  [1m[36m (0.8ms)[0m  [1mSELECT "schema_migrations"."version" FROM "schema_migrations" [0m
  [1m[35mPK and serial sequence (3.1ms)[0m   SELECT attr.attname, seq.relname
 FROM pg_class seq,
 pg_attribute attr,
 pg_depend dep,
 pg_namespace name,
 pg_constraint cons
 WHERE seq.oid = dep.objid
 AND seq.relkind = 'S'
 AND attr.attrelid = dep.refobjid
 AND attr.attnum = dep.refobjsubid
 AND attr.attrelid = cons.conrelid
 AND attr.attnum = cons.conkey[1]
 AND cons.contype = 'p'
 AND dep.refobjid = '"users"'::regclass

  [1m[36m (2.3ms)[0m  [1m SELECT distinct i.relname, d.indisunique, d.indkey, pg_get_indexdef(d.indexrelid), t.oid
 FROM pg_class t
 INNER JOIN pg_index d ON t.oid = d.indrelid
 INNER JOIN pg_class i ON d.indexrelid = i.oid
 WHERE i.relkind = 'i'
 AND d.indisprimary = 'f'
 AND t.relname = 'users'
 AND i.relnamespace IN (SELECT oid FROM pg_namespace WHERE nspname = ANY (current_schemas(false)) )
 ORDER BY i.relname
[0m
Connecting to database specified by database.yml
Connecting to database specified by database.yml


Started GET "/" for 127.0.0.1 at 2013-08-10 11:26:16 -0400

AbstractController::ActionNotFound (The action 'index' could not be found for ApplicationController):
  actionpack (3.2.6) lib/abstract_controller/base.rb:116:in `process'
  actionpack (3.2.6) lib/abstract_controller/rendering.rb:45:in `process'
  actionpack (3.2.6) lib/action_controller/metal.rb:203:in `dispatch'
  actionpack (3.2.6) lib/action_controller/metal/rack_delegation.rb:14:in `dispatch'
  actionpack (3.2.6) lib/action_controller/metal.rb:246:in `block in action'
  actionpack (3.2.6) lib/action_dispatch/routing/route_set.rb:73:in `call'
  actionpack (3.2.6) lib/action_dispatch/routing/route_set.rb:73:in `dispatch'
  actionpack (3.2.6) lib/action_dispatch/routing/route_set.rb:36:in `call'
  journey (1.0.4) lib/journey/router.rb:68:in `block in call'
  journey (1.0.4) lib/journey/router.rb:56:in `each'
  journey (1.0.4) lib/journey/router.rb:56:in `call'
  actionpack (3.2.6) lib/action_dispatch/routing/route_set.rb:600:in `call'
  actionpack (3.2.6) lib/action_dispatch/middleware/best_standards_support.rb:17:in `call'
  rack (1.4.5) lib/rack/etag.rb:23:in `call'
  rack (1.4.5) lib/rack/conditionalget.rb:25:in `call'
  actionpack (3.2.6) lib/action_dispatch/middleware/head.rb:14:in `call'
  actionpack (3.2.6) lib/action_dispatch/middleware/params_parser.rb:21:in `call'
  actionpack (3.2.6) lib/action_dispatch/middleware/flash.rb:242:in `call'
  rack (1.4.5) lib/rack/session/abstract/id.rb:210:in `context'
  rack (1.4.5) lib/rack/session/abstract/id.rb:205:in `call'
  actionpack (3.2.6) lib/action_dispatch/middleware/cookies.rb:338:in `call'
  activerecord (3.2.6) lib/active_record/query_cache.rb:64:in `call'
  activerecord (3.2.6) lib/active_record/connection_adapters/abstract/connection_pool.rb:473:in `call'
  actionpack (3.2.6) lib/action_dispatch/middleware/callbacks.rb:28:in `block in call'
  activesupport (3.2.6) lib/active_support/callbacks.rb:405:in `_run__292893539__call__463642767__callbacks'
  activesupport (3.2.6) lib/active_support/callbacks.rb:405:in `__run_callback'
  activesupport (3.2.6) lib/active_support/callbacks.rb:385:in `_run_call_callbacks'
  activesupport (3.2.6) lib/active_support/callbacks.rb:81:in `run_callbacks'
  actionpack (3.2.6) lib/action_dispatch/middleware/callbacks.rb:27:in `call'
  actionpack (3.2.6) lib/action_dispatch/middleware/reloader.rb:65:in `call'
  actionpack (3.2.6) lib/action_dispatch/middleware/remote_ip.rb:31:in `call'
  actionpack (3.2.6) lib/action_dispatch/middleware/debug_exceptions.rb:16:in `call'
  actionpack (3.2.6) lib/action_dispatch/middleware/show_exceptions.rb:56:in `call'
  railties (3.2.6) lib/rails/rack/logger.rb:26:in `call_app'
  railties (3.2.6) lib/rails/rack/logger.rb:16:in `call'
  actionpack (3.2.6) lib/action_dispatch/middleware/request_id.rb:22:in `call'
  rack (1.4.5) lib/rack/methodoverride.rb:21:in `call'
  rack (1.4.5) lib/rack/runtime.rb:17:in `call'
  activesupport (3.2.6) lib/active_support/cache/strategy/local_cache.rb:72:in `call'
  rack (1.4.5) lib/rack/lock.rb:15:in `call'
  actionpack (3.2.6) lib/action_dispatch/middleware/static.rb:62:in `call'
  railties (3.2.6) lib/rails/engine.rb:479:in `call'
  railties (3.2.6) lib/rails/application.rb:220:in `call'
  rack (1.4.5) lib/rack/content_length.rb:14:in `call'
  railties (3.2.6) lib/rails/rack/log_tailer.rb:17:in `call'
  rack (1.4.5) lib/rack/handler/webrick.rb:59:in `service'
  /home/rboling/.rvm/rubies/ruby-1.9.3-p0/lib/ruby/1.9.1/webrick/httpserver.rb:138:in `service'
  /home/rboling/.rvm/rubies/ruby-1.9.3-p0/lib/ruby/1.9.1/webrick/httpserver.rb:94:in `run'
  /home/rboling/.rvm/rubies/ruby-1.9.3-p0/lib/ruby/1.9.1/webrick/server.rb:191:in `block in start_thread'


  Rendered /home/rboling/.rvm/gems/ruby-1.9.3-p0/gems/actionpack-3.2.6/lib/action_dispatch/middleware/templates/rescues/unknown_action.erb within rescues/layout (26.7ms)
Connecting to database specified by database.yml
Connecting to database specified by database.yml


Started GET "/" for 127.0.0.1 at 2013-08-10 11:29:09 -0400
Processing by HomeController#index as HTML
  Rendered home/index.html.erb within layouts/application (2.0ms)
Compiled twitter-bootstrap-static/bootstrap.css  (34ms)  (pid 4264)
Compiled twitter-bootstrap-static/fontawesome.css  (16ms)  (pid 4264)
Compiled bootstrap_and_overrides.css  (159ms)  (pid 4264)
Compiled home.css  (6ms)  (pid 4264)
Compiled scaffolds.css  (14ms)  (pid 4264)
Compiled user_sessions.css  (1ms)  (pid 4264)
Compiled users.css  (0ms)  (pid 4264)
Compiled application.css  (232ms)  (pid 4264)
Compiled jquery.js  (1ms)  (pid 4264)
Compiled jquery_ujs.js  (0ms)  (pid 4264)
Compiled twitter/bootstrap/bootstrap-transition.js  (0ms)  (pid 4264)
Compiled twitter/bootstrap/bootstrap-alert.js  (0ms)  (pid 4264)
Compiled twitter/bootstrap/bootstrap-modal.js  (0ms)  (pid 4264)
Compiled twitter/bootstrap/bootstrap-dropdown.js  (0ms)  (pid 4264)
Compiled twitter/bootstrap/bootstrap-scrollspy.js  (1ms)  (pid 4264)
Compiled twitter/bootstrap/bootstrap-tab.js  (0ms)  (pid 4264)
Compiled twitter/bootstrap/bootstrap-tooltip.js  (0ms)  (pid 4264)
Compiled twitter/bootstrap/bootstrap-popover.js  (0ms)  (pid 4264)
Compiled twitter/bootstrap/bootstrap-button.js  (0ms)  (pid 4264)
Compiled twitter/bootstrap/bootstrap-collapse.js  (0ms)  (pid 4264)
Compiled twitter/bootstrap/bootstrap-carousel.js  (0ms)  (pid 4264)
Compiled twitter/bootstrap/bootstrap-typeahead.js  (0ms)  (pid 4264)
Compiled twitter/bootstrap/bootstrap-affix.js  (0ms)  (pid 4264)
Compiled twitter/bootstrap.js  (206ms)  (pid 4264)
Compiled bootstrap.js  (75ms)  (pid 4264)
Compiled home.js  (0ms)  (pid 4264)
Compiled user_sessions.js  (0ms)  (pid 4264)
Compiled users.js  (0ms)  (pid 4264)
Compiled application.js  (393ms)  (pid 4264)
Completed 200 OK in 790ms (Views: 789.9ms | ActiveRecord: 0.0ms)


Started GET "/assets/application.css?body=1" for 127.0.0.1 at 2013-08-10 11:29:10 -0400
Served asset /application.css - 200 OK (43ms)


Started GET "/assets/twitter-bootstrap-static/bootstrap.css?body=1" for 127.0.0.1 at 2013-08-10 11:29:10 -0400
Served asset /twitter-bootstrap-static/bootstrap.css - 200 OK (4ms)


Started GET "/assets/twitter-bootstrap-static/fontawesome.css?body=1" for 127.0.0.1 at 2013-08-10 11:29:10 -0400
Served asset /twitter-bootstrap-static/fontawesome.css - 200 OK (2ms)


Started GET "/assets/home.css?body=1" for 127.0.0.1 at 2013-08-10 11:29:10 -0400
Served asset /home.css - 200 OK (2ms)


Started GET "/assets/bootstrap_and_overrides.css?body=1" for 127.0.0.1 at 2013-08-10 11:29:10 -0400
Served asset /bootstrap_and_overrides.css - 200 OK (10ms)


Started GET "/assets/scaffolds.css?body=1" for 127.0.0.1 at 2013-08-10 11:29:10 -0400
Served asset /scaffolds.css - 200 OK (1ms)


Started GET "/assets/user_sessions.css?body=1" for 127.0.0.1 at 2013-08-10 11:29:10 -0400
Served asset /user_sessions.css - 200 OK (1ms)


Started GET "/assets/users.css?body=1" for 127.0.0.1 at 2013-08-10 11:29:10 -0400
Served asset /users.css - 200 OK (2ms)


Started GET "/assets/jquery_ujs.js?body=1" for 127.0.0.1 at 2013-08-10 11:29:10 -0400
Served asset /jquery_ujs.js - 200 OK (4ms)


Started GET "/assets/jquery.js?body=1" for 127.0.0.1 at 2013-08-10 11:29:10 -0400
Served asset /jquery.js - 200 OK (2ms)


Started GET "/assets/twitter/bootstrap/bootstrap-transition.js?body=1" for 127.0.0.1 at 2013-08-10 11:29:10 -0400
Served asset /twitter/bootstrap/bootstrap-transition.js - 200 OK (2ms)


Started GET "/assets/twitter/bootstrap/bootstrap-alert.js?body=1" for 127.0.0.1 at 2013-08-10 11:29:10 -0400
Served asset /twitter/bootstrap/bootstrap-alert.js - 200 OK (4ms)


Started GET "/assets/twitter/bootstrap/bootstrap-modal.js?body=1" for 127.0.0.1 at 2013-08-10 11:29:10 -0400
Served asset /twitter/bootstrap/bootstrap-modal.js - 200 OK (3ms)


Started GET "/assets/twitter/bootstrap/bootstrap-dropdown.js?body=1" for 127.0.0.1 at 2013-08-10 11:29:10 -0400
Served asset /twitter/bootstrap/bootstrap-dropdown.js - 200 OK (3ms)


Started GET "/assets/twitter/bootstrap/bootstrap-scrollspy.js?body=1" for 127.0.0.1 at 2013-08-10 11:29:10 -0400
Served asset /twitter/bootstrap/bootstrap-scrollspy.js - 200 OK (2ms)


Started GET "/assets/twitter/bootstrap/bootstrap-tab.js?body=1" for 127.0.0.1 at 2013-08-10 11:29:10 -0400
Served asset /twitter/bootstrap/bootstrap-tab.js - 200 OK (3ms)


Started GET "/assets/twitter/bootstrap/bootstrap-tooltip.js?body=1" for 127.0.0.1 at 2013-08-10 11:29:10 -0400
Served asset /twitter/bootstrap/bootstrap-tooltip.js - 200 OK (4ms)


Started GET "/assets/twitter/bootstrap/bootstrap-popover.js?body=1" for 127.0.0.1 at 2013-08-10 11:29:10 -0400
Served asset /twitter/bootstrap/bootstrap-popover.js - 200 OK (2ms)


Started GET "/assets/twitter/bootstrap/bootstrap-button.js?body=1" for 127.0.0.1 at 2013-08-10 11:29:10 -0400
Served asset /twitter/bootstrap/bootstrap-button.js - 200 OK (2ms)


Started GET "/assets/twitter/bootstrap/bootstrap-collapse.js?body=1" for 127.0.0.1 at 2013-08-10 11:29:10 -0400
Served asset /twitter/bootstrap/bootstrap-collapse.js - 200 OK (3ms)


Started GET "/assets/twitter/bootstrap/bootstrap-carousel.js?body=1" for 127.0.0.1 at 2013-08-10 11:29:10 -0400
Served asset /twitter/bootstrap/bootstrap-carousel.js - 200 OK (6ms)


Started GET "/assets/twitter/bootstrap/bootstrap-typeahead.js?body=1" for 127.0.0.1 at 2013-08-10 11:29:10 -0400
Served asset /twitter/bootstrap/bootstrap-typeahead.js - 200 OK (2ms)


Started GET "/assets/twitter/bootstrap/bootstrap-affix.js?body=1" for 127.0.0.1 at 2013-08-10 11:29:10 -0400
Served asset /twitter/bootstrap/bootstrap-affix.js - 200 OK (4ms)


Started GET "/assets/twitter/bootstrap.js?body=1" for 127.0.0.1 at 2013-08-10 11:29:10 -0400
Served asset /twitter/bootstrap.js - 200 OK (17ms)


Started GET "/assets/bootstrap.js?body=1" for 127.0.0.1 at 2013-08-10 11:29:10 -0400
Served asset /bootstrap.js - 200 OK (2ms)


Started GET "/assets/home.js?body=1" for 127.0.0.1 at 2013-08-10 11:29:10 -0400
Served asset /home.js - 200 OK (2ms)


Started GET "/assets/user_sessions.js?body=1" for 127.0.0.1 at 2013-08-10 11:29:10 -0400
Served asset /user_sessions.js - 200 OK (1ms)


Started GET "/assets/users.js?body=1" for 127.0.0.1 at 2013-08-10 11:29:10 -0400
Served asset /users.js - 200 OK (1ms)


Started GET "/assets/application.js?body=1" for 127.0.0.1 at 2013-08-10 11:29:10 -0400
Served asset /application.js - 200 OK (55ms)


Started GET "/assets/favicon.ico" for 127.0.0.1 at 2013-08-10 11:29:10 -0400
Served asset /favicon.ico - 404 Not Found (4ms)

ActionController::RoutingError (No route matches [GET] "/assets/favicon.ico"):
  actionpack (3.2.6) lib/action_dispatch/middleware/debug_exceptions.rb:21:in `call'
  actionpack (3.2.6) lib/action_dispatch/middleware/show_exceptions.rb:56:in `call'
  railties (3.2.6) lib/rails/rack/logger.rb:26:in `call_app'
  railties (3.2.6) lib/rails/rack/logger.rb:16:in `call'
  actionpack (3.2.6) lib/action_dispatch/middleware/request_id.rb:22:in `call'
  rack (1.4.5) lib/rack/methodoverride.rb:21:in `call'
  rack (1.4.5) lib/rack/runtime.rb:17:in `call'
  activesupport (3.2.6) lib/active_support/cache/strategy/local_cache.rb:72:in `call'
  rack (1.4.5) lib/rack/lock.rb:15:in `call'
  actionpack (3.2.6) lib/action_dispatch/middleware/static.rb:62:in `call'
  railties (3.2.6) lib/rails/engine.rb:479:in `call'
  railties (3.2.6) lib/rails/application.rb:220:in `call'
  rack (1.4.5) lib/rack/content_length.rb:14:in `call'
  railties (3.2.6) lib/rails/rack/log_tailer.rb:17:in `call'
  rack (1.4.5) lib/rack/handler/webrick.rb:59:in `service'
  /home/rboling/.rvm/rubies/ruby-1.9.3-p0/lib/ruby/1.9.1/webrick/httpserver.rb:138:in `service'
  /home/rboling/.rvm/rubies/ruby-1.9.3-p0/lib/ruby/1.9.1/webrick/httpserver.rb:94:in `run'
  /home/rboling/.rvm/rubies/ruby-1.9.3-p0/lib/ruby/1.9.1/webrick/server.rb:191:in `block in start_thread'


  Rendered /home/rboling/.rvm/gems/ruby-1.9.3-p0/gems/actionpack-3.2.6/lib/action_dispatch/middleware/templates/rescues/routing_error.erb within rescues/layout (0.6ms)


Started GET "/path1" for 127.0.0.1 at 2013-08-10 11:29:16 -0400

ActionController::RoutingError (No route matches [GET] "/path1"):
  actionpack (3.2.6) lib/action_dispatch/middleware/debug_exceptions.rb:21:in `call'
  actionpack (3.2.6) lib/action_dispatch/middleware/show_exceptions.rb:56:in `call'
  railties (3.2.6) lib/rails/rack/logger.rb:26:in `call_app'
  railties (3.2.6) lib/rails/rack/logger.rb:16:in `call'
  actionpack (3.2.6) lib/action_dispatch/middleware/request_id.rb:22:in `call'
  rack (1.4.5) lib/rack/methodoverride.rb:21:in `call'
  rack (1.4.5) lib/rack/runtime.rb:17:in `call'
  activesupport (3.2.6) lib/active_support/cache/strategy/local_cache.rb:72:in `call'
  rack (1.4.5) lib/rack/lock.rb:15:in `call'
  actionpack (3.2.6) lib/action_dispatch/middleware/static.rb:62:in `call'
  railties (3.2.6) lib/rails/engine.rb:479:in `call'
  railties (3.2.6) lib/rails/application.rb:220:in `call'
  rack (1.4.5) lib/rack/content_length.rb:14:in `call'
  railties (3.2.6) lib/rails/rack/log_tailer.rb:17:in `call'
  rack (1.4.5) lib/rack/handler/webrick.rb:59:in `service'
  /home/rboling/.rvm/rubies/ruby-1.9.3-p0/lib/ruby/1.9.1/webrick/httpserver.rb:138:in `service'
  /home/rboling/.rvm/rubies/ruby-1.9.3-p0/lib/ruby/1.9.1/webrick/httpserver.rb:94:in `run'
  /home/rboling/.rvm/rubies/ruby-1.9.3-p0/lib/ruby/1.9.1/webrick/server.rb:191:in `block in start_thread'


  Rendered /home/rboling/.rvm/gems/ruby-1.9.3-p0/gems/actionpack-3.2.6/lib/action_dispatch/middleware/templates/rescues/routing_error.erb within rescues/layout (0.6ms)


Started GET "/assets/favicon.ico" for 127.0.0.1 at 2013-08-10 11:29:18 -0400
Served asset /favicon.ico - 404 Not Found (3ms)

ActionController::RoutingError (No route matches [GET] "/assets/favicon.ico"):
  actionpack (3.2.6) lib/action_dispatch/middleware/debug_exceptions.rb:21:in `call'
  actionpack (3.2.6) lib/action_dispatch/middleware/show_exceptions.rb:56:in `call'
  railties (3.2.6) lib/rails/rack/logger.rb:26:in `call_app'
  railties (3.2.6) lib/rails/rack/logger.rb:16:in `call'
  actionpack (3.2.6) lib/action_dispatch/middleware/request_id.rb:22:in `call'
  rack (1.4.5) lib/rack/methodoverride.rb:21:in `call'
  rack (1.4.5) lib/rack/runtime.rb:17:in `call'
  activesupport (3.2.6) lib/active_support/cache/strategy/local_cache.rb:72:in `call'
  rack (1.4.5) lib/rack/lock.rb:15:in `call'
  actionpack (3.2.6) lib/action_dispatch/middleware/static.rb:62:in `call'
  railties (3.2.6) lib/rails/engine.rb:479:in `call'
  railties (3.2.6) lib/rails/application.rb:220:in `call'
  rack (1.4.5) lib/rack/content_length.rb:14:in `call'
  railties (3.2.6) lib/rails/rack/log_tailer.rb:17:in `call'
  rack (1.4.5) lib/rack/handler/webrick.rb:59:in `service'
  /home/rboling/.rvm/rubies/ruby-1.9.3-p0/lib/ruby/1.9.1/webrick/httpserver.rb:138:in `service'
  /home/rboling/.rvm/rubies/ruby-1.9.3-p0/lib/ruby/1.9.1/webrick/httpserver.rb:94:in `run'
  /home/rboling/.rvm/rubies/ruby-1.9.3-p0/lib/ruby/1.9.1/webrick/server.rb:191:in `block in start_thread'


  Rendered /home/rboling/.rvm/gems/ruby-1.9.3-p0/gems/actionpack-3.2.6/lib/action_dispatch/middleware/templates/rescues/routing_error.erb within rescues/layout (0.8ms)


Started GET "/assets/favicon.ico" for 127.0.0.1 at 2013-08-10 11:29:18 -0400
Served asset /favicon.ico - 404 Not Found (3ms)

ActionController::RoutingError (No route matches [GET] "/assets/favicon.ico"):
  actionpack (3.2.6) lib/action_dispatch/middleware/debug_exceptions.rb:21:in `call'
  actionpack (3.2.6) lib/action_dispatch/middleware/show_exceptions.rb:56:in `call'
  railties (3.2.6) lib/rails/rack/logger.rb:26:in `call_app'
  railties (3.2.6) lib/rails/rack/logger.rb:16:in `call'
  actionpack (3.2.6) lib/action_dispatch/middleware/request_id.rb:22:in `call'
  rack (1.4.5) lib/rack/methodoverride.rb:21:in `call'
  rack (1.4.5) lib/rack/runtime.rb:17:in `call'
  activesupport (3.2.6) lib/active_support/cache/strategy/local_cache.rb:72:in `call'
  rack (1.4.5) lib/rack/lock.rb:15:in `call'
  actionpack (3.2.6) lib/action_dispatch/middleware/static.rb:62:in `call'
  railties (3.2.6) lib/rails/engine.rb:479:in `call'
  railties (3.2.6) lib/rails/application.rb:220:in `call'
  rack (1.4.5) lib/rack/content_length.rb:14:in `call'
  railties (3.2.6) lib/rails/rack/log_tailer.rb:17:in `call'
  rack (1.4.5) lib/rack/handler/webrick.rb:59:in `service'
  /home/rboling/.rvm/rubies/ruby-1.9.3-p0/lib/ruby/1.9.1/webrick/httpserver.rb:138:in `service'
  /home/rboling/.rvm/rubies/ruby-1.9.3-p0/lib/ruby/1.9.1/webrick/httpserver.rb:94:in `run'
  /home/rboling/.rvm/rubies/ruby-1.9.3-p0/lib/ruby/1.9.1/webrick/server.rb:191:in `block in start_thread'


  Rendered /home/rboling/.rvm/gems/ruby-1.9.3-p0/gems/actionpack-3.2.6/lib/action_dispatch/middleware/templates/rescues/routing_error.erb within rescues/layout (0.6ms)


Started GET "/useres/new" for 127.0.0.1 at 2013-08-10 11:29:25 -0400

ActionController::RoutingError (No route matches [GET] "/useres/new"):
  actionpack (3.2.6) lib/action_dispatch/middleware/debug_exceptions.rb:21:in `call'
  actionpack (3.2.6) lib/action_dispatch/middleware/show_exceptions.rb:56:in `call'
  railties (3.2.6) lib/rails/rack/logger.rb:26:in `call_app'
  railties (3.2.6) lib/rails/rack/logger.rb:16:in `call'
  actionpack (3.2.6) lib/action_dispatch/middleware/request_id.rb:22:in `call'
  rack (1.4.5) lib/rack/methodoverride.rb:21:in `call'
  rack (1.4.5) lib/rack/runtime.rb:17:in `call'
  activesupport (3.2.6) lib/active_support/cache/strategy/local_cache.rb:72:in `call'
  rack (1.4.5) lib/rack/lock.rb:15:in `call'
  actionpack (3.2.6) lib/action_dispatch/middleware/static.rb:62:in `call'
  railties (3.2.6) lib/rails/engine.rb:479:in `call'
  railties (3.2.6) lib/rails/application.rb:220:in `call'
  rack (1.4.5) lib/rack/content_length.rb:14:in `call'
  railties (3.2.6) lib/rails/rack/log_tailer.rb:17:in `call'
  rack (1.4.5) lib/rack/handler/webrick.rb:59:in `service'
  /home/rboling/.rvm/rubies/ruby-1.9.3-p0/lib/ruby/1.9.1/webrick/httpserver.rb:138:in `service'
  /home/rboling/.rvm/rubies/ruby-1.9.3-p0/lib/ruby/1.9.1/webrick/httpserver.rb:94:in `run'
  /home/rboling/.rvm/rubies/ruby-1.9.3-p0/lib/ruby/1.9.1/webrick/server.rb:191:in `block in start_thread'


  Rendered /home/rboling/.rvm/gems/ruby-1.9.3-p0/gems/actionpack-3.2.6/lib/action_dispatch/middleware/templates/rescues/routing_error.erb within rescues/layout (0.9ms)


Started GET "/users/new" for 127.0.0.1 at 2013-08-10 11:29:30 -0400

ActionController::RoutingError (No route matches [GET] "/users/new"):
  actionpack (3.2.6) lib/action_dispatch/middleware/debug_exceptions.rb:21:in `call'
  actionpack (3.2.6) lib/action_dispatch/middleware/show_exceptions.rb:56:in `call'
  railties (3.2.6) lib/rails/rack/logger.rb:26:in `call_app'
  railties (3.2.6) lib/rails/rack/logger.rb:16:in `call'
  actionpack (3.2.6) lib/action_dispatch/middleware/request_id.rb:22:in `call'
  rack (1.4.5) lib/rack/methodoverride.rb:21:in `call'
  rack (1.4.5) lib/rack/runtime.rb:17:in `call'
  activesupport (3.2.6) lib/active_support/cache/strategy/local_cache.rb:72:in `call'
  rack (1.4.5) lib/rack/lock.rb:15:in `call'
  actionpack (3.2.6) lib/action_dispatch/middleware/static.rb:62:in `call'
  railties (3.2.6) lib/rails/engine.rb:479:in `call'
  railties (3.2.6) lib/rails/application.rb:220:in `call'
  rack (1.4.5) lib/rack/content_length.rb:14:in `call'
  railties (3.2.6) lib/rails/rack/log_tailer.rb:17:in `call'
  rack (1.4.5) lib/rack/handler/webrick.rb:59:in `service'
  /home/rboling/.rvm/rubies/ruby-1.9.3-p0/lib/ruby/1.9.1/webrick/httpserver.rb:138:in `service'
  /home/rboling/.rvm/rubies/ruby-1.9.3-p0/lib/ruby/1.9.1/webrick/httpserver.rb:94:in `run'
  /home/rboling/.rvm/rubies/ruby-1.9.3-p0/lib/ruby/1.9.1/webrick/server.rb:191:in `block in start_thread'


  Rendered /home/rboling/.rvm/gems/ruby-1.9.3-p0/gems/actionpack-3.2.6/lib/action_dispatch/middleware/templates/rescues/routing_error.erb within rescues/layout (0.9ms)
Connecting to database specified by database.yml


Started GET "/users/new" for 127.0.0.1 at 2013-08-10 11:30:43 -0400
Processing by UsersController#new as HTML
  Rendered users/_form.html.erb (4.1ms)
  Rendered users/new.html.erb within layouts/application (11.2ms)
Completed 200 OK in 128ms (Views: 119.7ms | ActiveRecord: 0.0ms)


Started GET "/assets/application.css?body=1" for 127.0.0.1 at 2013-08-10 11:30:43 -0400
Served asset /application.css - 304 Not Modified (24ms)


Started GET "/assets/twitter-bootstrap-static/bootstrap.css?body=1" for 127.0.0.1 at 2013-08-10 11:30:43 -0400
Served asset /twitter-bootstrap-static/bootstrap.css - 304 Not Modified (9ms)


Started GET "/assets/home.css?body=1" for 127.0.0.1 at 2013-08-10 11:30:43 -0400
Served asset /home.css - 304 Not Modified (1ms)


Started GET "/assets/bootstrap_and_overrides.css?body=1" for 127.0.0.1 at 2013-08-10 11:30:43 -0400
Served asset /bootstrap_and_overrides.css - 304 Not Modified (8ms)


Started GET "/assets/twitter-bootstrap-static/fontawesome.css?body=1" for 127.0.0.1 at 2013-08-10 11:30:43 -0400
Served asset /twitter-bootstrap-static/fontawesome.css - 304 Not Modified (3ms)


Started GET "/assets/scaffolds.css?body=1" for 127.0.0.1 at 2013-08-10 11:30:43 -0400
Served asset /scaffolds.css - 304 Not Modified (2ms)


Started GET "/assets/user_sessions.css?body=1" for 127.0.0.1 at 2013-08-10 11:30:43 -0400
Served asset /user_sessions.css - 304 Not Modified (2ms)


Started GET "/assets/users.css?body=1" for 127.0.0.1 at 2013-08-10 11:30:43 -0400
Served asset /users.css - 304 Not Modified (2ms)


Started GET "/assets/jquery.js?body=1" for 127.0.0.1 at 2013-08-10 11:30:43 -0400
Served asset /jquery.js - 304 Not Modified (45ms)


Started GET "/assets/jquery_ujs.js?body=1" for 127.0.0.1 at 2013-08-10 11:30:43 -0400
Served asset /jquery_ujs.js - 304 Not Modified (2ms)


Started GET "/assets/twitter/bootstrap/bootstrap-transition.js?body=1" for 127.0.0.1 at 2013-08-10 11:30:43 -0400
Served asset /twitter/bootstrap/bootstrap-transition.js - 304 Not Modified (3ms)


Started GET "/assets/twitter/bootstrap/bootstrap-alert.js?body=1" for 127.0.0.1 at 2013-08-10 11:30:43 -0400
Served asset /twitter/bootstrap/bootstrap-alert.js - 304 Not Modified (2ms)


Started GET "/assets/twitter/bootstrap/bootstrap-modal.js?body=1" for 127.0.0.1 at 2013-08-10 11:30:43 -0400
Served asset /twitter/bootstrap/bootstrap-modal.js - 304 Not Modified (4ms)


Started GET "/assets/twitter/bootstrap/bootstrap-dropdown.js?body=1" for 127.0.0.1 at 2013-08-10 11:30:43 -0400
Served asset /twitter/bootstrap/bootstrap-dropdown.js - 304 Not Modified (2ms)


Started GET "/assets/twitter/bootstrap/bootstrap-scrollspy.js?body=1" for 127.0.0.1 at 2013-08-10 11:30:43 -0400
Served asset /twitter/bootstrap/bootstrap-scrollspy.js - 304 Not Modified (2ms)


Started GET "/assets/twitter/bootstrap/bootstrap-tooltip.js?body=1" for 127.0.0.1 at 2013-08-10 11:30:43 -0400
Served asset /twitter/bootstrap/bootstrap-tooltip.js - 304 Not Modified (2ms)


Started GET "/assets/twitter/bootstrap/bootstrap-tab.js?body=1" for 127.0.0.1 at 2013-08-10 11:30:43 -0400
Served asset /twitter/bootstrap/bootstrap-tab.js - 304 Not Modified (2ms)


Started GET "/assets/twitter/bootstrap/bootstrap-popover.js?body=1" for 127.0.0.1 at 2013-08-10 11:30:43 -0400
Served asset /twitter/bootstrap/bootstrap-popover.js - 304 Not Modified (2ms)


Started GET "/assets/twitter/bootstrap/bootstrap-button.js?body=1" for 127.0.0.1 at 2013-08-10 11:30:43 -0400
Served asset /twitter/bootstrap/bootstrap-button.js - 304 Not Modified (3ms)


Started GET "/assets/twitter/bootstrap/bootstrap-collapse.js?body=1" for 127.0.0.1 at 2013-08-10 11:30:43 -0400
Served asset /twitter/bootstrap/bootstrap-collapse.js - 304 Not Modified (3ms)


Started GET "/assets/twitter/bootstrap/bootstrap-typeahead.js?body=1" for 127.0.0.1 at 2013-08-10 11:30:43 -0400
Served asset /twitter/bootstrap/bootstrap-typeahead.js - 304 Not Modified (1ms)


Started GET "/assets/twitter/bootstrap/bootstrap-carousel.js?body=1" for 127.0.0.1 at 2013-08-10 11:30:43 -0400
Served asset /twitter/bootstrap/bootstrap-carousel.js - 304 Not Modified (2ms)


Started GET "/assets/twitter/bootstrap/bootstrap-affix.js?body=1" for 127.0.0.1 at 2013-08-10 11:30:43 -0400
Served asset /twitter/bootstrap/bootstrap-affix.js - 304 Not Modified (3ms)


Started GET "/assets/twitter/bootstrap.js?body=1" for 127.0.0.1 at 2013-08-10 11:30:43 -0400
Served asset /twitter/bootstrap.js - 304 Not Modified (20ms)


Started GET "/assets/bootstrap.js?body=1" for 127.0.0.1 at 2013-08-10 11:30:43 -0400
Served asset /bootstrap.js - 304 Not Modified (2ms)


Started GET "/assets/home.js?body=1" for 127.0.0.1 at 2013-08-10 11:30:43 -0400
Served asset /home.js - 304 Not Modified (1ms)


Started GET "/assets/user_sessions.js?body=1" for 127.0.0.1 at 2013-08-10 11:30:43 -0400
Served asset /user_sessions.js - 304 Not Modified (1ms)


Started GET "/assets/users.js?body=1" for 127.0.0.1 at 2013-08-10 11:30:43 -0400
Served asset /users.js - 304 Not Modified (2ms)


Started GET "/assets/application.js?body=1" for 127.0.0.1 at 2013-08-10 11:30:43 -0400
Served asset /application.js - 304 Not Modified (24ms)


Started GET "/assets/favicon.ico" for 127.0.0.1 at 2013-08-10 11:30:44 -0400
Served asset /favicon.ico - 404 Not Found (3ms)

ActionController::RoutingError (No route matches [GET] "/assets/favicon.ico"):
  actionpack (3.2.6) lib/action_dispatch/middleware/debug_exceptions.rb:21:in `call'
  actionpack (3.2.6) lib/action_dispatch/middleware/show_exceptions.rb:56:in `call'
  railties (3.2.6) lib/rails/rack/logger.rb:26:in `call_app'
  railties (3.2.6) lib/rails/rack/logger.rb:16:in `call'
  actionpack (3.2.6) lib/action_dispatch/middleware/request_id.rb:22:in `call'
  rack (1.4.5) lib/rack/methodoverride.rb:21:in `call'
  rack (1.4.5) lib/rack/runtime.rb:17:in `call'
  activesupport (3.2.6) lib/active_support/cache/strategy/local_cache.rb:72:in `call'
  rack (1.4.5) lib/rack/lock.rb:15:in `call'
  actionpack (3.2.6) lib/action_dispatch/middleware/static.rb:62:in `call'
  railties (3.2.6) lib/rails/engine.rb:479:in `call'
  railties (3.2.6) lib/rails/application.rb:220:in `call'
  rack (1.4.5) lib/rack/content_length.rb:14:in `call'
  railties (3.2.6) lib/rails/rack/log_tailer.rb:17:in `call'
  rack (1.4.5) lib/rack/handler/webrick.rb:59:in `service'
  /home/rboling/.rvm/rubies/ruby-1.9.3-p0/lib/ruby/1.9.1/webrick/httpserver.rb:138:in `service'
  /home/rboling/.rvm/rubies/ruby-1.9.3-p0/lib/ruby/1.9.1/webrick/httpserver.rb:94:in `run'
  /home/rboling/.rvm/rubies/ruby-1.9.3-p0/lib/ruby/1.9.1/webrick/server.rb:191:in `block in start_thread'


  Rendered /home/rboling/.rvm/gems/ruby-1.9.3-p0/gems/actionpack-3.2.6/lib/action_dispatch/middleware/templates/rescues/routing_error.erb within rescues/layout (0.6ms)


Started POST "/users" for 127.0.0.1 at 2013-08-10 11:31:00 -0400
Processing by UsersController#create as HTML
  Parameters: {"utf8"=>"✓", "authenticity_token"=>"/rCTEhUkwWiLEtpMMq1gMy6gadnJFmD+orjkjj80iwc=", "user"=>{"username"=>"rboling91", "email"=>"rboling91@gmail.com", "password"=>"[FILTERED]", "password_confirmation"=>"[FILTERED]"}, "commit"=>"Create User"}
Completed 500 Internal Server Error in 1ms

ActiveModel::MassAssignmentSecurity::Error (Can't mass-assign protected attributes: password, password_confirmation):
  app/controllers/users_controller.rb:43:in `new'
  app/controllers/users_controller.rb:43:in `create'


  Rendered /home/rboling/.rvm/gems/ruby-1.9.3-p0/gems/actionpack-3.2.6/lib/action_dispatch/middleware/templates/rescues/_trace.erb (5.9ms)
  Rendered /home/rboling/.rvm/gems/ruby-1.9.3-p0/gems/actionpack-3.2.6/lib/action_dispatch/middleware/templates/rescues/_request_and_response.erb (1.7ms)
  Rendered /home/rboling/.rvm/gems/ruby-1.9.3-p0/gems/actionpack-3.2.6/lib/action_dispatch/middleware/templates/rescues/diagnostics.erb within rescues/layout (40.9ms)
Connecting to database specified by database.yml


Started POST "/users" for 127.0.0.1 at 2013-08-10 11:31:43 -0400
Processing by UsersController#create as HTML
  Parameters: {"utf8"=>"✓", "authenticity_token"=>"/rCTEhUkwWiLEtpMMq1gMy6gadnJFmD+orjkjj80iwc=", "user"=>{"username"=>"rboling91", "email"=>"rboling91@gmail.com", "password"=>"[FILTERED]", "password_confirmation"=>"[FILTERED]"}, "commit"=>"Create User"}
  [1m[36m (0.4ms)[0m  [1mBEGIN[0m
  [1m[35mUser Exists (2.2ms)[0m  SELECT 1 AS one FROM "users" WHERE LOWER("users"."email") = LOWER('rboling91@gmail.com') LIMIT 1
  [1m[36mUser Exists (0.6ms)[0m  [1mSELECT 1 AS one FROM "users" WHERE LOWER("users"."username") = LOWER('rboling91') LIMIT 1[0m
  [1m[35mUser Exists (0.8ms)[0m  SELECT 1 AS one FROM "users" WHERE "users"."persistence_token" = '47526e8596425a107485e0d5d1ff6af541b02d5d25ef60b0142626a1f4831f1b48b4ea7df973218fe42f62e81e817087495a8e3010761cf831e91441f97f51e6' LIMIT 1
  [1m[36mSQL (24.2ms)[0m  [1mINSERT INTO "users" ("created_at", "crypted_password", "email", "password_salt", "persistence_token", "updated_at", "username") VALUES ($1, $2, $3, $4, $5, $6, $7) RETURNING "id"[0m  [["created_at", Sat, 10 Aug 2013 15:31:43 UTC +00:00], ["crypted_password", "ed51d05527a186d1f4f717b87112fd8b413f25b070dd9c72b462b0baf1a6b82c7feddeedd5bc46edb56a145b05c767006506d9e0166a802c41d7cf0ed7cbbafd"], ["email", "rboling91@gmail.com"], ["password_salt", "pNj82rPotvLc30YKZok"], ["persistence_token", "47526e8596425a107485e0d5d1ff6af541b02d5d25ef60b0142626a1f4831f1b48b4ea7df973218fe42f62e81e817087495a8e3010761cf831e91441f97f51e6"], ["updated_at", Sat, 10 Aug 2013 15:31:43 UTC +00:00], ["username", "rboling91"]]
  [1m[35m (37.2ms)[0m  COMMIT
Redirected to http://localhost:3000/users/1
Completed 302 Found in 161ms (ActiveRecord: 65.4ms)


Started GET "/users/1" for 127.0.0.1 at 2013-08-10 11:31:43 -0400
Processing by UsersController#show as HTML
  Parameters: {"id"=>"1"}
  [1m[36mUser Load (1.7ms)[0m  [1mSELECT "users".* FROM "users" WHERE "users"."id" = $1 LIMIT 1[0m  [["id", "1"]]
  Rendered users/show.html.erb within layouts/application (5.1ms)
Completed 200 OK in 126ms (Views: 122.4ms | ActiveRecord: 1.7ms)


Started GET "/assets/application.css?body=1" for 127.0.0.1 at 2013-08-10 11:31:44 -0400
Served asset /application.css - 304 Not Modified (19ms)


Started GET "/assets/bootstrap_and_overrides.css?body=1" for 127.0.0.1 at 2013-08-10 11:31:44 -0400
Served asset /bootstrap_and_overrides.css - 304 Not Modified (46ms)


Started GET "/assets/twitter-bootstrap-static/bootstrap.css?body=1" for 127.0.0.1 at 2013-08-10 11:31:44 -0400
Served asset /twitter-bootstrap-static/bootstrap.css - 304 Not Modified (9ms)


Started GET "/assets/home.css?body=1" for 127.0.0.1 at 2013-08-10 11:31:44 -0400
Served asset /home.css - 304 Not Modified (3ms)


Started GET "/assets/scaffolds.css?body=1" for 127.0.0.1 at 2013-08-10 11:31:44 -0400
Served asset /scaffolds.css - 304 Not Modified (3ms)


Started GET "/assets/twitter-bootstrap-static/fontawesome.css?body=1" for 127.0.0.1 at 2013-08-10 11:31:44 -0400
Served asset /twitter-bootstrap-static/fontawesome.css - 304 Not Modified (8ms)


Started GET "/assets/user_sessions.css?body=1" for 127.0.0.1 at 2013-08-10 11:31:44 -0400
Served asset /user_sessions.css - 304 Not Modified (3ms)


Started GET "/assets/users.css?body=1" for 127.0.0.1 at 2013-08-10 11:31:44 -0400
Served asset /users.css - 304 Not Modified (4ms)


Started GET "/assets/jquery_ujs.js?body=1" for 127.0.0.1 at 2013-08-10 11:31:44 -0400
Served asset /jquery_ujs.js - 304 Not Modified (4ms)


Started GET "/assets/jquery.js?body=1" for 127.0.0.1 at 2013-08-10 11:31:44 -0400
Served asset /jquery.js - 304 Not Modified (11ms)


Started GET "/assets/twitter/bootstrap/bootstrap-transition.js?body=1" for 127.0.0.1 at 2013-08-10 11:31:44 -0400
Served asset /twitter/bootstrap/bootstrap-transition.js - 304 Not Modified (4ms)


Started GET "/assets/twitter/bootstrap/bootstrap-alert.js?body=1" for 127.0.0.1 at 2013-08-10 11:31:44 -0400
Served asset /twitter/bootstrap/bootstrap-alert.js - 304 Not Modified (3ms)


Started GET "/assets/twitter/bootstrap/bootstrap-modal.js?body=1" for 127.0.0.1 at 2013-08-10 11:31:44 -0400
Served asset /twitter/bootstrap/bootstrap-modal.js - 304 Not Modified (3ms)


Started GET "/assets/twitter/bootstrap/bootstrap-dropdown.js?body=1" for 127.0.0.1 at 2013-08-10 11:31:44 -0400
Served asset /twitter/bootstrap/bootstrap-dropdown.js - 304 Not Modified (3ms)


Started GET "/assets/twitter/bootstrap/bootstrap-scrollspy.js?body=1" for 127.0.0.1 at 2013-08-10 11:31:44 -0400
Served asset /twitter/bootstrap/bootstrap-scrollspy.js - 304 Not Modified (2ms)


Started GET "/assets/twitter/bootstrap/bootstrap-tab.js?body=1" for 127.0.0.1 at 2013-08-10 11:31:44 -0400
Served asset /twitter/bootstrap/bootstrap-tab.js - 304 Not Modified (4ms)


Started GET "/assets/twitter/bootstrap/bootstrap-tooltip.js?body=1" for 127.0.0.1 at 2013-08-10 11:31:44 -0400
Served asset /twitter/bootstrap/bootstrap-tooltip.js - 304 Not Modified (4ms)


Started GET "/assets/twitter/bootstrap/bootstrap-popover.js?body=1" for 127.0.0.1 at 2013-08-10 11:31:44 -0400
Served asset /twitter/bootstrap/bootstrap-popover.js - 304 Not Modified (2ms)


Started GET "/assets/twitter/bootstrap/bootstrap-collapse.js?body=1" for 127.0.0.1 at 2013-08-10 11:31:44 -0400
Served asset /twitter/bootstrap/bootstrap-collapse.js - 304 Not Modified (2ms)


Started GET "/assets/twitter/bootstrap/bootstrap-button.js?body=1" for 127.0.0.1 at 2013-08-10 11:31:44 -0400
Served asset /twitter/bootstrap/bootstrap-button.js - 304 Not Modified (3ms)


Started GET "/assets/twitter/bootstrap/bootstrap-carousel.js?body=1" for 127.0.0.1 at 2013-08-10 11:31:44 -0400
Served asset /twitter/bootstrap/bootstrap-carousel.js - 304 Not Modified (3ms)


Started GET "/assets/twitter/bootstrap/bootstrap-typeahead.js?body=1" for 127.0.0.1 at 2013-08-10 11:31:44 -0400
Served asset /twitter/bootstrap/bootstrap-typeahead.js - 304 Not Modified (4ms)


Started GET "/assets/twitter/bootstrap/bootstrap-affix.js?body=1" for 127.0.0.1 at 2013-08-10 11:31:44 -0400
Served asset /twitter/bootstrap/bootstrap-affix.js - 304 Not Modified (4ms)


Started GET "/assets/twitter/bootstrap.js?body=1" for 127.0.0.1 at 2013-08-10 11:31:44 -0400
Served asset /twitter/bootstrap.js - 304 Not Modified (29ms)


Started GET "/assets/bootstrap.js?body=1" for 127.0.0.1 at 2013-08-10 11:31:44 -0400
Served asset /bootstrap.js - 304 Not Modified (2ms)


Started GET "/assets/home.js?body=1" for 127.0.0.1 at 2013-08-10 11:31:44 -0400
Served asset /home.js - 304 Not Modified (2ms)


Started GET "/assets/user_sessions.js?body=1" for 127.0.0.1 at 2013-08-10 11:31:44 -0400
Served asset /user_sessions.js - 304 Not Modified (2ms)


Started GET "/assets/users.js?body=1" for 127.0.0.1 at 2013-08-10 11:31:44 -0400
Served asset /users.js - 304 Not Modified (3ms)


Started GET "/assets/application.js?body=1" for 127.0.0.1 at 2013-08-10 11:31:44 -0400
Served asset /application.js - 304 Not Modified (64ms)


Started GET "/assets/favicon.ico" for 127.0.0.1 at 2013-08-10 11:31:44 -0400
Served asset /favicon.ico - 404 Not Found (8ms)

ActionController::RoutingError (No route matches [GET] "/assets/favicon.ico"):
  actionpack (3.2.6) lib/action_dispatch/middleware/debug_exceptions.rb:21:in `call'
  actionpack (3.2.6) lib/action_dispatch/middleware/show_exceptions.rb:56:in `call'
  railties (3.2.6) lib/rails/rack/logger.rb:26:in `call_app'
  railties (3.2.6) lib/rails/rack/logger.rb:16:in `call'
  actionpack (3.2.6) lib/action_dispatch/middleware/request_id.rb:22:in `call'
  rack (1.4.5) lib/rack/methodoverride.rb:21:in `call'
  rack (1.4.5) lib/rack/runtime.rb:17:in `call'
  activesupport (3.2.6) lib/active_support/cache/strategy/local_cache.rb:72:in `call'
  rack (1.4.5) lib/rack/lock.rb:15:in `call'
  actionpack (3.2.6) lib/action_dispatch/middleware/static.rb:62:in `call'
  railties (3.2.6) lib/rails/engine.rb:479:in `call'
  railties (3.2.6) lib/rails/application.rb:220:in `call'
  rack (1.4.5) lib/rack/content_length.rb:14:in `call'
  railties (3.2.6) lib/rails/rack/log_tailer.rb:17:in `call'
  rack (1.4.5) lib/rack/handler/webrick.rb:59:in `service'
  /home/rboling/.rvm/rubies/ruby-1.9.3-p0/lib/ruby/1.9.1/webrick/httpserver.rb:138:in `service'
  /home/rboling/.rvm/rubies/ruby-1.9.3-p0/lib/ruby/1.9.1/webrick/httpserver.rb:94:in `run'
  /home/rboling/.rvm/rubies/ruby-1.9.3-p0/lib/ruby/1.9.1/webrick/server.rb:191:in `block in start_thread'


  Rendered /home/rboling/.rvm/gems/ruby-1.9.3-p0/gems/actionpack-3.2.6/lib/action_dispatch/middleware/templates/rescues/routing_error.erb within rescues/layout (0.6ms)


Started DELETE "/users/1" for 127.0.0.1 at 2013-08-10 11:31:51 -0400
Processing by UsersController#destroy as HTML
  Parameters: {"authenticity_token"=>"/rCTEhUkwWiLEtpMMq1gMy6gadnJFmD+orjkjj80iwc=", "id"=>"1"}
  [1m[35mUser Load (0.5ms)[0m  SELECT "users".* FROM "users" WHERE "users"."id" = $1 LIMIT 1  [["id", "1"]]
  [1m[36m (0.4ms)[0m  [1mBEGIN[0m
  [1m[35mSQL (1.1ms)[0m  DELETE FROM "users" WHERE "users"."id" = $1  [["id", 1]]
  [1m[36m (18.8ms)[0m  [1mCOMMIT[0m
Redirected to http://localhost:3000/users
Completed 302 Found in 26ms (ActiveRecord: 20.8ms)


Started GET "/users" for 127.0.0.1 at 2013-08-10 11:31:51 -0400
Processing by UsersController#index as HTML
  [1m[35mUser Load (0.5ms)[0m  SELECT "users".* FROM "users" 
  Rendered users/index.html.erb within layouts/application (3.0ms)
Completed 200 OK in 21ms (Views: 19.2ms | ActiveRecord: 0.5ms)


Started GET "/assets/application.css?body=1" for 127.0.0.1 at 2013-08-10 11:31:51 -0400
Served asset /application.css - 304 Not Modified (6ms)


Started GET "/assets/twitter-bootstrap-static/fontawesome.css?body=1" for 127.0.0.1 at 2013-08-10 11:31:51 -0400
Served asset /twitter-bootstrap-static/fontawesome.css - 304 Not Modified (1ms)


Started GET "/assets/twitter-bootstrap-static/bootstrap.css?body=1" for 127.0.0.1 at 2013-08-10 11:31:51 -0400
Served asset /twitter-bootstrap-static/bootstrap.css - 304 Not Modified (7ms)


Started GET "/assets/bootstrap_and_overrides.css?body=1" for 127.0.0.1 at 2013-08-10 11:31:51 -0400
Served asset /bootstrap_and_overrides.css - 304 Not Modified (1ms)


Started GET "/assets/home.css?body=1" for 127.0.0.1 at 2013-08-10 11:31:51 -0400
Served asset /home.css - 304 Not Modified (0ms)


Started GET "/assets/user_sessions.css?body=1" for 127.0.0.1 at 2013-08-10 11:31:51 -0400
Served asset /user_sessions.css - 304 Not Modified (2ms)


Started GET "/assets/scaffolds.css?body=1" for 127.0.0.1 at 2013-08-10 11:31:51 -0400
Served asset /scaffolds.css - 304 Not Modified (0ms)


Started GET "/assets/users.css?body=1" for 127.0.0.1 at 2013-08-10 11:31:51 -0400
Served asset /users.css - 304 Not Modified (1ms)


Started GET "/assets/jquery.js?body=1" for 127.0.0.1 at 2013-08-10 11:31:51 -0400
Served asset /jquery.js - 304 Not Modified (6ms)


Started GET "/assets/jquery_ujs.js?body=1" for 127.0.0.1 at 2013-08-10 11:31:51 -0400
Served asset /jquery_ujs.js - 304 Not Modified (0ms)


Started GET "/assets/twitter/bootstrap/bootstrap-alert.js?body=1" for 127.0.0.1 at 2013-08-10 11:31:51 -0400
Served asset /twitter/bootstrap/bootstrap-alert.js - 304 Not Modified (0ms)


Started GET "/assets/twitter/bootstrap/bootstrap-modal.js?body=1" for 127.0.0.1 at 2013-08-10 11:31:51 -0400
Served asset /twitter/bootstrap/bootstrap-modal.js - 304 Not Modified (0ms)


Started GET "/assets/twitter/bootstrap/bootstrap-transition.js?body=1" for 127.0.0.1 at 2013-08-10 11:31:51 -0400
Served asset /twitter/bootstrap/bootstrap-transition.js - 304 Not Modified (1ms)


Started GET "/assets/twitter/bootstrap/bootstrap-dropdown.js?body=1" for 127.0.0.1 at 2013-08-10 11:31:51 -0400
Served asset /twitter/bootstrap/bootstrap-dropdown.js - 304 Not Modified (0ms)


Started GET "/assets/twitter/bootstrap/bootstrap-tab.js?body=1" for 127.0.0.1 at 2013-08-10 11:31:51 -0400
Served asset /twitter/bootstrap/bootstrap-tab.js - 304 Not Modified (0ms)


Started GET "/assets/twitter/bootstrap/bootstrap-scrollspy.js?body=1" for 127.0.0.1 at 2013-08-10 11:31:51 -0400
Served asset /twitter/bootstrap/bootstrap-scrollspy.js - 304 Not Modified (0ms)


Started GET "/assets/twitter/bootstrap/bootstrap-tooltip.js?body=1" for 127.0.0.1 at 2013-08-10 11:31:51 -0400
Served asset /twitter/bootstrap/bootstrap-tooltip.js - 304 Not Modified (2ms)


Started GET "/assets/twitter/bootstrap/bootstrap-popover.js?body=1" for 127.0.0.1 at 2013-08-10 11:31:51 -0400
Served asset /twitter/bootstrap/bootstrap-popover.js - 304 Not Modified (1ms)


Started GET "/assets/twitter/bootstrap/bootstrap-collapse.js?body=1" for 127.0.0.1 at 2013-08-10 11:31:51 -0400
Served asset /twitter/bootstrap/bootstrap-collapse.js - 304 Not Modified (0ms)


Started GET "/assets/twitter/bootstrap/bootstrap-button.js?body=1" for 127.0.0.1 at 2013-08-10 11:31:51 -0400
Served asset /twitter/bootstrap/bootstrap-button.js - 304 Not Modified (0ms)


Started GET "/assets/twitter/bootstrap/bootstrap-carousel.js?body=1" for 127.0.0.1 at 2013-08-10 11:31:51 -0400
Served asset /twitter/bootstrap/bootstrap-carousel.js - 304 Not Modified (1ms)


Started GET "/assets/twitter/bootstrap/bootstrap-typeahead.js?body=1" for 127.0.0.1 at 2013-08-10 11:31:51 -0400
Served asset /twitter/bootstrap/bootstrap-typeahead.js - 304 Not Modified (0ms)


Started GET "/assets/twitter/bootstrap/bootstrap-affix.js?body=1" for 127.0.0.1 at 2013-08-10 11:31:51 -0400
Served asset /twitter/bootstrap/bootstrap-affix.js - 304 Not Modified (0ms)


Started GET "/assets/twitter/bootstrap.js?body=1" for 127.0.0.1 at 2013-08-10 11:31:51 -0400
Served asset /twitter/bootstrap.js - 304 Not Modified (44ms)


Started GET "/assets/bootstrap.js?body=1" for 127.0.0.1 at 2013-08-10 11:31:51 -0400
Served asset /bootstrap.js - 304 Not Modified (0ms)


Started GET "/assets/home.js?body=1" for 127.0.0.1 at 2013-08-10 11:31:51 -0400
Served asset /home.js - 304 Not Modified (0ms)


Started GET "/assets/user_sessions.js?body=1" for 127.0.0.1 at 2013-08-10 11:31:51 -0400
Served asset /user_sessions.js - 304 Not Modified (0ms)


Started GET "/assets/users.js?body=1" for 127.0.0.1 at 2013-08-10 11:31:51 -0400
Served asset /users.js - 304 Not Modified (0ms)


Started GET "/assets/application.js?body=1" for 127.0.0.1 at 2013-08-10 11:31:51 -0400
Served asset /application.js - 304 Not Modified (2ms)


Started GET "/assets/favicon.ico" for 127.0.0.1 at 2013-08-10 11:31:51 -0400
Served asset /favicon.ico - 404 Not Found (5ms)

ActionController::RoutingError (No route matches [GET] "/assets/favicon.ico"):
  actionpack (3.2.6) lib/action_dispatch/middleware/debug_exceptions.rb:21:in `call'
  actionpack (3.2.6) lib/action_dispatch/middleware/show_exceptions.rb:56:in `call'
  railties (3.2.6) lib/rails/rack/logger.rb:26:in `call_app'
  railties (3.2.6) lib/rails/rack/logger.rb:16:in `call'
  actionpack (3.2.6) lib/action_dispatch/middleware/request_id.rb:22:in `call'
  rack (1.4.5) lib/rack/methodoverride.rb:21:in `call'
  rack (1.4.5) lib/rack/runtime.rb:17:in `call'
  activesupport (3.2.6) lib/active_support/cache/strategy/local_cache.rb:72:in `call'
  rack (1.4.5) lib/rack/lock.rb:15:in `call'
  actionpack (3.2.6) lib/action_dispatch/middleware/static.rb:62:in `call'
  railties (3.2.6) lib/rails/engine.rb:479:in `call'
  railties (3.2.6) lib/rails/application.rb:220:in `call'
  rack (1.4.5) lib/rack/content_length.rb:14:in `call'
  railties (3.2.6) lib/rails/rack/log_tailer.rb:17:in `call'
  rack (1.4.5) lib/rack/handler/webrick.rb:59:in `service'
  /home/rboling/.rvm/rubies/ruby-1.9.3-p0/lib/ruby/1.9.1/webrick/httpserver.rb:138:in `service'
  /home/rboling/.rvm/rubies/ruby-1.9.3-p0/lib/ruby/1.9.1/webrick/httpserver.rb:94:in `run'
  /home/rboling/.rvm/rubies/ruby-1.9.3-p0/lib/ruby/1.9.1/webrick/server.rb:191:in `block in start_thread'


  Rendered /home/rboling/.rvm/gems/ruby-1.9.3-p0/gems/actionpack-3.2.6/lib/action_dispatch/middleware/templates/rescues/routing_error.erb within rescues/layout (0.6ms)


Started GET "/users/new" for 127.0.0.1 at 2013-08-10 11:31:54 -0400
Processing by UsersController#new as HTML
  Rendered users/_form.html.erb (6.7ms)
  Rendered users/new.html.erb within layouts/application (13.0ms)
Completed 200 OK in 30ms (Views: 28.8ms | ActiveRecord: 0.0ms)


Started GET "/assets/application.css?body=1" for 127.0.0.1 at 2013-08-10 11:31:54 -0400
Served asset /application.css - 304 Not Modified (9ms)


Started GET "/assets/twitter-bootstrap-static/bootstrap.css?body=1" for 127.0.0.1 at 2013-08-10 11:31:54 -0400
Served asset /twitter-bootstrap-static/bootstrap.css - 304 Not Modified (2ms)


Started GET "/assets/bootstrap_and_overrides.css?body=1" for 127.0.0.1 at 2013-08-10 11:31:54 -0400
Served asset /bootstrap_and_overrides.css - 304 Not Modified (1ms)


Started GET "/assets/home.css?body=1" for 127.0.0.1 at 2013-08-10 11:31:54 -0400
Served asset /home.css - 304 Not Modified (0ms)


Started GET "/assets/twitter-bootstrap-static/fontawesome.css?body=1" for 127.0.0.1 at 2013-08-10 11:31:55 -0400
Served asset /twitter-bootstrap-static/fontawesome.css - 304 Not Modified (39ms)


Started GET "/assets/scaffolds.css?body=1" for 127.0.0.1 at 2013-08-10 11:31:55 -0400
Served asset /scaffolds.css - 304 Not Modified (0ms)


Started GET "/assets/user_sessions.css?body=1" for 127.0.0.1 at 2013-08-10 11:31:55 -0400
Served asset /user_sessions.css - 304 Not Modified (0ms)


Started GET "/assets/users.css?body=1" for 127.0.0.1 at 2013-08-10 11:31:55 -0400
Served asset /users.css - 304 Not Modified (0ms)


Started GET "/assets/jquery.js?body=1" for 127.0.0.1 at 2013-08-10 11:31:55 -0400
Served asset /jquery.js - 304 Not Modified (2ms)


Started GET "/assets/jquery_ujs.js?body=1" for 127.0.0.1 at 2013-08-10 11:31:55 -0400
Served asset /jquery_ujs.js - 304 Not Modified (0ms)


Started GET "/assets/twitter/bootstrap/bootstrap-transition.js?body=1" for 127.0.0.1 at 2013-08-10 11:31:55 -0400
Served asset /twitter/bootstrap/bootstrap-transition.js - 304 Not Modified (2ms)


Started GET "/assets/twitter/bootstrap/bootstrap-alert.js?body=1" for 127.0.0.1 at 2013-08-10 11:31:55 -0400
Served asset /twitter/bootstrap/bootstrap-alert.js - 304 Not Modified (2ms)


Started GET "/assets/twitter/bootstrap/bootstrap-modal.js?body=1" for 127.0.0.1 at 2013-08-10 11:31:55 -0400
Served asset /twitter/bootstrap/bootstrap-modal.js - 304 Not Modified (1ms)


Started GET "/assets/twitter/bootstrap/bootstrap-dropdown.js?body=1" for 127.0.0.1 at 2013-08-10 11:31:55 -0400
Served asset /twitter/bootstrap/bootstrap-dropdown.js - 304 Not Modified (0ms)


Started GET "/assets/twitter/bootstrap/bootstrap-scrollspy.js?body=1" for 127.0.0.1 at 2013-08-10 11:31:55 -0400
Served asset /twitter/bootstrap/bootstrap-scrollspy.js - 304 Not Modified (0ms)


Started GET "/assets/twitter/bootstrap/bootstrap-tab.js?body=1" for 127.0.0.1 at 2013-08-10 11:31:55 -0400
Served asset /twitter/bootstrap/bootstrap-tab.js - 304 Not Modified (5ms)


Started GET "/assets/twitter/bootstrap/bootstrap-tooltip.js?body=1" for 127.0.0.1 at 2013-08-10 11:31:55 -0400
Served asset /twitter/bootstrap/bootstrap-tooltip.js - 304 Not Modified (1ms)


Started GET "/assets/twitter/bootstrap/bootstrap-popover.js?body=1" for 127.0.0.1 at 2013-08-10 11:31:55 -0400
Served asset /twitter/bootstrap/bootstrap-popover.js - 304 Not Modified (0ms)


Started GET "/assets/twitter/bootstrap/bootstrap-button.js?body=1" for 127.0.0.1 at 2013-08-10 11:31:55 -0400
Served asset /twitter/bootstrap/bootstrap-button.js - 304 Not Modified (0ms)


Started GET "/assets/twitter/bootstrap/bootstrap-collapse.js?body=1" for 127.0.0.1 at 2013-08-10 11:31:55 -0400
Served asset /twitter/bootstrap/bootstrap-collapse.js - 304 Not Modified (1ms)


Started GET "/assets/twitter/bootstrap/bootstrap-carousel.js?body=1" for 127.0.0.1 at 2013-08-10 11:31:55 -0400
Served asset /twitter/bootstrap/bootstrap-carousel.js - 304 Not Modified (0ms)


Started GET "/assets/twitter/bootstrap/bootstrap-typeahead.js?body=1" for 127.0.0.1 at 2013-08-10 11:31:55 -0400
Served asset /twitter/bootstrap/bootstrap-typeahead.js - 304 Not Modified (0ms)


Started GET "/assets/twitter/bootstrap/bootstrap-affix.js?body=1" for 127.0.0.1 at 2013-08-10 11:31:55 -0400
Served asset /twitter/bootstrap/bootstrap-affix.js - 304 Not Modified (0ms)


Started GET "/assets/twitter/bootstrap.js?body=1" for 127.0.0.1 at 2013-08-10 11:31:55 -0400
Served asset /twitter/bootstrap.js - 304 Not Modified (5ms)


Started GET "/assets/bootstrap.js?body=1" for 127.0.0.1 at 2013-08-10 11:31:55 -0400
Served asset /bootstrap.js - 304 Not Modified (0ms)


Started GET "/assets/home.js?body=1" for 127.0.0.1 at 2013-08-10 11:31:55 -0400
Served asset /home.js - 304 Not Modified (0ms)


Started GET "/assets/user_sessions.js?body=1" for 127.0.0.1 at 2013-08-10 11:31:55 -0400
Served asset /user_sessions.js - 304 Not Modified (0ms)


Started GET "/assets/users.js?body=1" for 127.0.0.1 at 2013-08-10 11:31:55 -0400
Served asset /users.js - 304 Not Modified (0ms)


Started GET "/assets/application.js?body=1" for 127.0.0.1 at 2013-08-10 11:31:55 -0400
Served asset /application.js - 304 Not Modified (3ms)


Started GET "/assets/favicon.ico" for 127.0.0.1 at 2013-08-10 11:31:55 -0400
Served asset /favicon.ico - 404 Not Found (3ms)

ActionController::RoutingError (No route matches [GET] "/assets/favicon.ico"):
  actionpack (3.2.6) lib/action_dispatch/middleware/debug_exceptions.rb:21:in `call'
  actionpack (3.2.6) lib/action_dispatch/middleware/show_exceptions.rb:56:in `call'
  railties (3.2.6) lib/rails/rack/logger.rb:26:in `call_app'
  railties (3.2.6) lib/rails/rack/logger.rb:16:in `call'
  actionpack (3.2.6) lib/action_dispatch/middleware/request_id.rb:22:in `call'
  rack (1.4.5) lib/rack/methodoverride.rb:21:in `call'
  rack (1.4.5) lib/rack/runtime.rb:17:in `call'
  activesupport (3.2.6) lib/active_support/cache/strategy/local_cache.rb:72:in `call'
  rack (1.4.5) lib/rack/lock.rb:15:in `call'
  actionpack (3.2.6) lib/action_dispatch/middleware/static.rb:62:in `call'
  railties (3.2.6) lib/rails/engine.rb:479:in `call'
  railties (3.2.6) lib/rails/application.rb:220:in `call'
  rack (1.4.5) lib/rack/content_length.rb:14:in `call'
  railties (3.2.6) lib/rails/rack/log_tailer.rb:17:in `call'
  rack (1.4.5) lib/rack/handler/webrick.rb:59:in `service'
  /home/rboling/.rvm/rubies/ruby-1.9.3-p0/lib/ruby/1.9.1/webrick/httpserver.rb:138:in `service'
  /home/rboling/.rvm/rubies/ruby-1.9.3-p0/lib/ruby/1.9.1/webrick/httpserver.rb:94:in `run'
  /home/rboling/.rvm/rubies/ruby-1.9.3-p0/lib/ruby/1.9.1/webrick/server.rb:191:in `block in start_thread'


  Rendered /home/rboling/.rvm/gems/ruby-1.9.3-p0/gems/actionpack-3.2.6/lib/action_dispatch/middleware/templates/rescues/routing_error.erb within rescues/layout (0.6ms)


Started POST "/users" for 127.0.0.1 at 2013-08-10 11:32:05 -0400
Processing by UsersController#create as HTML
  Parameters: {"utf8"=>"✓", "authenticity_token"=>"/rCTEhUkwWiLEtpMMq1gMy6gadnJFmD+orjkjj80iwc=", "user"=>{"username"=>"rboling91", "email"=>"rboling91@gmail.com", "password"=>"[FILTERED]", "password_confirmation"=>"[FILTERED]"}, "commit"=>"Create User"}
  [1m[36m (0.5ms)[0m  [1mBEGIN[0m
  [1m[35mUser Exists (0.7ms)[0m  SELECT 1 AS one FROM "users" WHERE LOWER("users"."email") = LOWER('rboling91@gmail.com') LIMIT 1
  [1m[36mUser Exists (0.4ms)[0m  [1mSELECT 1 AS one FROM "users" WHERE LOWER("users"."username") = LOWER('rboling91') LIMIT 1[0m
  [1m[35mUser Exists (0.5ms)[0m  SELECT 1 AS one FROM "users" WHERE "users"."persistence_token" = 'b02a577b508c15a0a894b99563abcd53c928555d9f40d2c31034b295e72773881104786f6b4f51ff882e9c415aa8a12487ce51c0f1d6db3af39368144798ec8e' LIMIT 1
  [1m[36mUser Load (0.7ms)[0m  [1mSELECT "users".* FROM "users" WHERE "users"."persistence_token" = '47526e8596425a107485e0d5d1ff6af541b02d5d25ef60b0142626a1f4831f1b48b4ea7df973218fe42f62e81e817087495a8e3010761cf831e91441f97f51e6' LIMIT 1[0m
  [1m[35mCACHE (0.0ms)[0m  SELECT "users".* FROM "users" WHERE "users"."persistence_token" = '47526e8596425a107485e0d5d1ff6af541b02d5d25ef60b0142626a1f4831f1b48b4ea7df973218fe42f62e81e817087495a8e3010761cf831e91441f97f51e6' LIMIT 1
  [1m[36mSQL (1.0ms)[0m  [1mINSERT INTO "users" ("created_at", "crypted_password", "email", "password_salt", "persistence_token", "updated_at", "username") VALUES ($1, $2, $3, $4, $5, $6, $7) RETURNING "id"[0m  [["created_at", Sat, 10 Aug 2013 15:32:05 UTC +00:00], ["crypted_password", "317bd84001204db0dff10f0b68599c07fc3c4b4e7d0dbd2310c3aba45fe30da3579449f2e27a7a0277a06a93e94628e937895a24759e1a4636afbcc035f986b0"], ["email", "rboling91@gmail.com"], ["password_salt", "iJfJtJ53kJEF1C5Xb52w"], ["persistence_token", "b02a577b508c15a0a894b99563abcd53c928555d9f40d2c31034b295e72773881104786f6b4f51ff882e9c415aa8a12487ce51c0f1d6db3af39368144798ec8e"], ["updated_at", Sat, 10 Aug 2013 15:32:05 UTC +00:00], ["username", "rboling91"]]
  [1m[35m (72.7ms)[0m  COMMIT
Redirected to http://localhost:3000/users/2
Completed 302 Found in 215ms (ActiveRecord: 76.5ms)


Started GET "/users/2" for 127.0.0.1 at 2013-08-10 11:32:05 -0400
Processing by UsersController#show as HTML
  Parameters: {"id"=>"2"}
  [1m[36mUser Load (0.7ms)[0m  [1mSELECT "users".* FROM "users" WHERE "users"."id" = $1 LIMIT 1[0m  [["id", "2"]]
  Rendered users/show.html.erb within layouts/application (2.4ms)
Completed 200 OK in 54ms (Views: 52.6ms | ActiveRecord: 0.7ms)


Started GET "/assets/application.css?body=1" for 127.0.0.1 at 2013-08-10 11:32:05 -0400
Served asset /application.css - 304 Not Modified (7ms)


Started GET "/assets/twitter-bootstrap-static/fontawesome.css?body=1" for 127.0.0.1 at 2013-08-10 11:32:05 -0400
Served asset /twitter-bootstrap-static/fontawesome.css - 304 Not Modified (1ms)


Started GET "/assets/bootstrap_and_overrides.css?body=1" for 127.0.0.1 at 2013-08-10 11:32:05 -0400
Served asset /bootstrap_and_overrides.css - 304 Not Modified (2ms)


Started GET "/assets/scaffolds.css?body=1" for 127.0.0.1 at 2013-08-10 11:32:05 -0400
Served asset /scaffolds.css - 304 Not Modified (0ms)


Started GET "/assets/twitter-bootstrap-static/bootstrap.css?body=1" for 127.0.0.1 at 2013-08-10 11:32:05 -0400
Served asset /twitter-bootstrap-static/bootstrap.css - 304 Not Modified (2ms)


Started GET "/assets/home.css?body=1" for 127.0.0.1 at 2013-08-10 11:32:05 -0400
Served asset /home.css - 304 Not Modified (0ms)


Started GET "/assets/user_sessions.css?body=1" for 127.0.0.1 at 2013-08-10 11:32:05 -0400
Served asset /user_sessions.css - 304 Not Modified (0ms)


Started GET "/assets/users.css?body=1" for 127.0.0.1 at 2013-08-10 11:32:05 -0400
Served asset /users.css - 304 Not Modified (0ms)


Started GET "/assets/jquery.js?body=1" for 127.0.0.1 at 2013-08-10 11:32:05 -0400
Served asset /jquery.js - 304 Not Modified (2ms)


Started GET "/assets/jquery_ujs.js?body=1" for 127.0.0.1 at 2013-08-10 11:32:05 -0400
Served asset /jquery_ujs.js - 304 Not Modified (0ms)


Started GET "/assets/twitter/bootstrap/bootstrap-transition.js?body=1" for 127.0.0.1 at 2013-08-10 11:32:05 -0400
Served asset /twitter/bootstrap/bootstrap-transition.js - 304 Not Modified (0ms)


Started GET "/assets/twitter/bootstrap/bootstrap-alert.js?body=1" for 127.0.0.1 at 2013-08-10 11:32:05 -0400
Served asset /twitter/bootstrap/bootstrap-alert.js - 304 Not Modified (0ms)


Started GET "/assets/twitter/bootstrap/bootstrap-modal.js?body=1" for 127.0.0.1 at 2013-08-10 11:32:05 -0400
Served asset /twitter/bootstrap/bootstrap-modal.js - 304 Not Modified (0ms)


Started GET "/assets/twitter/bootstrap/bootstrap-dropdown.js?body=1" for 127.0.0.1 at 2013-08-10 11:32:05 -0400
Served asset /twitter/bootstrap/bootstrap-dropdown.js - 304 Not Modified (0ms)


Started GET "/assets/twitter/bootstrap/bootstrap-scrollspy.js?body=1" for 127.0.0.1 at 2013-08-10 11:32:05 -0400
Served asset /twitter/bootstrap/bootstrap-scrollspy.js - 304 Not Modified (0ms)


Started GET "/assets/twitter/bootstrap/bootstrap-tab.js?body=1" for 127.0.0.1 at 2013-08-10 11:32:05 -0400
Served asset /twitter/bootstrap/bootstrap-tab.js - 304 Not Modified (1ms)


Started GET "/assets/twitter/bootstrap/bootstrap-tooltip.js?body=1" for 127.0.0.1 at 2013-08-10 11:32:05 -0400
Served asset /twitter/bootstrap/bootstrap-tooltip.js - 304 Not Modified (0ms)


Started GET "/assets/twitter/bootstrap/bootstrap-popover.js?body=1" for 127.0.0.1 at 2013-08-10 11:32:05 -0400
Served asset /twitter/bootstrap/bootstrap-popover.js - 304 Not Modified (0ms)


Started GET "/assets/twitter/bootstrap/bootstrap-button.js?body=1" for 127.0.0.1 at 2013-08-10 11:32:05 -0400
Served asset /twitter/bootstrap/bootstrap-button.js - 304 Not Modified (0ms)


Started GET "/assets/twitter/bootstrap/bootstrap-collapse.js?body=1" for 127.0.0.1 at 2013-08-10 11:32:05 -0400
Served asset /twitter/bootstrap/bootstrap-collapse.js - 304 Not Modified (0ms)


Started GET "/assets/twitter/bootstrap/bootstrap-carousel.js?body=1" for 127.0.0.1 at 2013-08-10 11:32:05 -0400
Served asset /twitter/bootstrap/bootstrap-carousel.js - 304 Not Modified (0ms)


Started GET "/assets/twitter/bootstrap/bootstrap-typeahead.js?body=1" for 127.0.0.1 at 2013-08-10 11:32:05 -0400
Served asset /twitter/bootstrap/bootstrap-typeahead.js - 304 Not Modified (0ms)


Started GET "/assets/twitter/bootstrap/bootstrap-affix.js?body=1" for 127.0.0.1 at 2013-08-10 11:32:05 -0400
Served asset /twitter/bootstrap/bootstrap-affix.js - 304 Not Modified (0ms)


Started GET "/assets/twitter/bootstrap.js?body=1" for 127.0.0.1 at 2013-08-10 11:32:05 -0400
Served asset /twitter/bootstrap.js - 304 Not Modified (5ms)


Started GET "/assets/bootstrap.js?body=1" for 127.0.0.1 at 2013-08-10 11:32:05 -0400
Served asset /bootstrap.js - 304 Not Modified (0ms)


Started GET "/assets/user_sessions.js?body=1" for 127.0.0.1 at 2013-08-10 11:32:05 -0400
Served asset /user_sessions.js - 304 Not Modified (1ms)


Started GET "/assets/home.js?body=1" for 127.0.0.1 at 2013-08-10 11:32:05 -0400
Served asset /home.js - 304 Not Modified (0ms)


Started GET "/assets/users.js?body=1" for 127.0.0.1 at 2013-08-10 11:32:05 -0400
Served asset /users.js - 304 Not Modified (0ms)


Started GET "/assets/application.js?body=1" for 127.0.0.1 at 2013-08-10 11:32:05 -0400
Served asset /application.js - 304 Not Modified (4ms)


Started GET "/assets/favicon.ico" for 127.0.0.1 at 2013-08-10 11:32:05 -0400
Served asset /favicon.ico - 404 Not Found (2ms)

ActionController::RoutingError (No route matches [GET] "/assets/favicon.ico"):
  actionpack (3.2.6) lib/action_dispatch/middleware/debug_exceptions.rb:21:in `call'
  actionpack (3.2.6) lib/action_dispatch/middleware/show_exceptions.rb:56:in `call'
  railties (3.2.6) lib/rails/rack/logger.rb:26:in `call_app'
  railties (3.2.6) lib/rails/rack/logger.rb:16:in `call'
  actionpack (3.2.6) lib/action_dispatch/middleware/request_id.rb:22:in `call'
  rack (1.4.5) lib/rack/methodoverride.rb:21:in `call'
  rack (1.4.5) lib/rack/runtime.rb:17:in `call'
  activesupport (3.2.6) lib/active_support/cache/strategy/local_cache.rb:72:in `call'
  rack (1.4.5) lib/rack/lock.rb:15:in `call'
  actionpack (3.2.6) lib/action_dispatch/middleware/static.rb:62:in `call'
  railties (3.2.6) lib/rails/engine.rb:479:in `call'
  railties (3.2.6) lib/rails/application.rb:220:in `call'
  rack (1.4.5) lib/rack/content_length.rb:14:in `call'
  railties (3.2.6) lib/rails/rack/log_tailer.rb:17:in `call'
  rack (1.4.5) lib/rack/handler/webrick.rb:59:in `service'
  /home/rboling/.rvm/rubies/ruby-1.9.3-p0/lib/ruby/1.9.1/webrick/httpserver.rb:138:in `service'
  /home/rboling/.rvm/rubies/ruby-1.9.3-p0/lib/ruby/1.9.1/webrick/httpserver.rb:94:in `run'
  /home/rboling/.rvm/rubies/ruby-1.9.3-p0/lib/ruby/1.9.1/webrick/server.rb:191:in `block in start_thread'


  Rendered /home/rboling/.rvm/gems/ruby-1.9.3-p0/gems/actionpack-3.2.6/lib/action_dispatch/middleware/templates/rescues/routing_error.erb within rescues/layout (0.5ms)


Started GET "/users/2" for 127.0.0.1 at 2013-08-10 11:32:48 -0400
Processing by UsersController#show as HTML
  Parameters: {"id"=>"2"}
  [1m[35mUser Load (0.7ms)[0m  SELECT "users".* FROM "users" WHERE "users"."id" = $1 LIMIT 1  [["id", "2"]]
  Rendered users/show.html.erb within layouts/application (2.2ms)
Completed 200 OK in 19ms (Views: 17.2ms | ActiveRecord: 0.7ms)


Started GET "/assets/application.css?body=1" for 127.0.0.1 at 2013-08-10 11:32:48 -0400
Served asset /application.css - 304 Not Modified (8ms)


Started GET "/assets/home.css?body=1" for 127.0.0.1 at 2013-08-10 11:32:49 -0400
Served asset /home.css - 304 Not Modified (0ms)


Started GET "/assets/bootstrap_and_overrides.css?body=1" for 127.0.0.1 at 2013-08-10 11:32:49 -0400
Served asset /bootstrap_and_overrides.css - 304 Not Modified (4ms)


Started GET "/assets/scaffolds.css?body=1" for 127.0.0.1 at 2013-08-10 11:32:49 -0400
Served asset /scaffolds.css - 304 Not Modified (0ms)


Started GET "/assets/twitter-bootstrap-static/bootstrap.css?body=1" for 127.0.0.1 at 2013-08-10 11:32:49 -0400
Served asset /twitter-bootstrap-static/bootstrap.css - 304 Not Modified (4ms)


Started GET "/assets/twitter-bootstrap-static/fontawesome.css?body=1" for 127.0.0.1 at 2013-08-10 11:32:49 -0400
Served asset /twitter-bootstrap-static/fontawesome.css - 304 Not Modified (2ms)


Started GET "/assets/user_sessions.css?body=1" for 127.0.0.1 at 2013-08-10 11:32:49 -0400
Served asset /user_sessions.css - 304 Not Modified (0ms)


Started GET "/assets/users.css?body=1" for 127.0.0.1 at 2013-08-10 11:32:49 -0400
Served asset /users.css - 304 Not Modified (0ms)


Started GET "/assets/jquery.js?body=1" for 127.0.0.1 at 2013-08-10 11:32:49 -0400
Served asset /jquery.js - 304 Not Modified (3ms)


Started GET "/assets/jquery_ujs.js?body=1" for 127.0.0.1 at 2013-08-10 11:32:49 -0400
Served asset /jquery_ujs.js - 304 Not Modified (0ms)


Started GET "/assets/twitter/bootstrap/bootstrap-transition.js?body=1" for 127.0.0.1 at 2013-08-10 11:32:49 -0400
Served asset /twitter/bootstrap/bootstrap-transition.js - 304 Not Modified (0ms)


Started GET "/assets/twitter/bootstrap/bootstrap-alert.js?body=1" for 127.0.0.1 at 2013-08-10 11:32:49 -0400
Served asset /twitter/bootstrap/bootstrap-alert.js - 304 Not Modified (0ms)


Started GET "/assets/twitter/bootstrap/bootstrap-modal.js?body=1" for 127.0.0.1 at 2013-08-10 11:32:49 -0400
Served asset /twitter/bootstrap/bootstrap-modal.js - 304 Not Modified (0ms)


Started GET "/assets/twitter/bootstrap/bootstrap-dropdown.js?body=1" for 127.0.0.1 at 2013-08-10 11:32:49 -0400
Served asset /twitter/bootstrap/bootstrap-dropdown.js - 304 Not Modified (0ms)


Started GET "/assets/twitter/bootstrap/bootstrap-tab.js?body=1" for 127.0.0.1 at 2013-08-10 11:32:49 -0400
Served asset /twitter/bootstrap/bootstrap-tab.js - 304 Not Modified (1ms)


Started GET "/assets/twitter/bootstrap/bootstrap-scrollspy.js?body=1" for 127.0.0.1 at 2013-08-10 11:32:49 -0400
Served asset /twitter/bootstrap/bootstrap-scrollspy.js - 304 Not Modified (0ms)


Started GET "/assets/twitter/bootstrap/bootstrap-tooltip.js?body=1" for 127.0.0.1 at 2013-08-10 11:32:49 -0400
Served asset /twitter/bootstrap/bootstrap-tooltip.js - 304 Not Modified (0ms)


Started GET "/assets/twitter/bootstrap/bootstrap-popover.js?body=1" for 127.0.0.1 at 2013-08-10 11:32:49 -0400
Served asset /twitter/bootstrap/bootstrap-popover.js - 304 Not Modified (1ms)


Started GET "/assets/twitter/bootstrap/bootstrap-button.js?body=1" for 127.0.0.1 at 2013-08-10 11:32:49 -0400
Served asset /twitter/bootstrap/bootstrap-button.js - 304 Not Modified (0ms)


Started GET "/assets/twitter/bootstrap/bootstrap-collapse.js?body=1" for 127.0.0.1 at 2013-08-10 11:32:49 -0400
Served asset /twitter/bootstrap/bootstrap-collapse.js - 304 Not Modified (2ms)


Started GET "/assets/twitter/bootstrap/bootstrap-carousel.js?body=1" for 127.0.0.1 at 2013-08-10 11:32:49 -0400
Served asset /twitter/bootstrap/bootstrap-carousel.js - 304 Not Modified (0ms)


Started GET "/assets/twitter/bootstrap/bootstrap-affix.js?body=1" for 127.0.0.1 at 2013-08-10 11:32:49 -0400
Served asset /twitter/bootstrap/bootstrap-affix.js - 304 Not Modified (0ms)


Started GET "/assets/twitter/bootstrap.js?body=1" for 127.0.0.1 at 2013-08-10 11:32:49 -0400
Served asset /twitter/bootstrap.js - 304 Not Modified (6ms)


Started GET "/assets/twitter/bootstrap/bootstrap-typeahead.js?body=1" for 127.0.0.1 at 2013-08-10 11:32:49 -0400
Served asset /twitter/bootstrap/bootstrap-typeahead.js - 304 Not Modified (0ms)


Started GET "/assets/bootstrap.js?body=1" for 127.0.0.1 at 2013-08-10 11:32:49 -0400
Served asset /bootstrap.js - 304 Not Modified (0ms)


Started GET "/assets/home.js?body=1" for 127.0.0.1 at 2013-08-10 11:32:49 -0400
Served asset /home.js - 304 Not Modified (0ms)


Started GET "/assets/user_sessions.js?body=1" for 127.0.0.1 at 2013-08-10 11:32:49 -0400
Served asset /user_sessions.js - 304 Not Modified (0ms)


Started GET "/assets/users.js?body=1" for 127.0.0.1 at 2013-08-10 11:32:49 -0400
Served asset /users.js - 304 Not Modified (0ms)


Started GET "/assets/application.js?body=1" for 127.0.0.1 at 2013-08-10 11:32:49 -0400
Served asset /application.js - 304 Not Modified (3ms)


Started GET "/assets/favicon.ico" for 127.0.0.1 at 2013-08-10 11:32:49 -0400
Served asset /favicon.ico - 404 Not Found (2ms)

ActionController::RoutingError (No route matches [GET] "/assets/favicon.ico"):
  actionpack (3.2.6) lib/action_dispatch/middleware/debug_exceptions.rb:21:in `call'
  actionpack (3.2.6) lib/action_dispatch/middleware/show_exceptions.rb:56:in `call'
  railties (3.2.6) lib/rails/rack/logger.rb:26:in `call_app'
  railties (3.2.6) lib/rails/rack/logger.rb:16:in `call'
  actionpack (3.2.6) lib/action_dispatch/middleware/request_id.rb:22:in `call'
  rack (1.4.5) lib/rack/methodoverride.rb:21:in `call'
  rack (1.4.5) lib/rack/runtime.rb:17:in `call'
  activesupport (3.2.6) lib/active_support/cache/strategy/local_cache.rb:72:in `call'
  rack (1.4.5) lib/rack/lock.rb:15:in `call'
  actionpack (3.2.6) lib/action_dispatch/middleware/static.rb:62:in `call'
  railties (3.2.6) lib/rails/engine.rb:479:in `call'
  railties (3.2.6) lib/rails/application.rb:220:in `call'
  rack (1.4.5) lib/rack/content_length.rb:14:in `call'
  railties (3.2.6) lib/rails/rack/log_tailer.rb:17:in `call'
  rack (1.4.5) lib/rack/handler/webrick.rb:59:in `service'
  /home/rboling/.rvm/rubies/ruby-1.9.3-p0/lib/ruby/1.9.1/webrick/httpserver.rb:138:in `service'
  /home/rboling/.rvm/rubies/ruby-1.9.3-p0/lib/ruby/1.9.1/webrick/httpserver.rb:94:in `run'
  /home/rboling/.rvm/rubies/ruby-1.9.3-p0/lib/ruby/1.9.1/webrick/server.rb:191:in `block in start_thread'


  Rendered /home/rboling/.rvm/gems/ruby-1.9.3-p0/gems/actionpack-3.2.6/lib/action_dispatch/middleware/templates/rescues/routing_error.erb within rescues/layout (0.6ms)
Connecting to database specified by database.yml


Started GET "/users/2" for 127.0.0.1 at 2013-08-10 11:33:37 -0400
Processing by UsersController#show as HTML
  Parameters: {"id"=>"2"}
  [1m[36mUser Load (2.0ms)[0m  [1mSELECT "users".* FROM "users" WHERE "users"."id" = $1 LIMIT 1[0m  [["id", "2"]]
  Rendered users/show.html.erb within layouts/application (5.2ms)
Completed 200 OK in 134ms (Views: 121.3ms | ActiveRecord: 2.0ms)


Started GET "/assets/application.css?body=1" for 127.0.0.1 at 2013-08-10 11:33:37 -0400
Served asset /application.css - 304 Not Modified (13ms)


Started GET "/assets/twitter-bootstrap-static/bootstrap.css?body=1" for 127.0.0.1 at 2013-08-10 11:33:37 -0400
Served asset /twitter-bootstrap-static/bootstrap.css - 304 Not Modified (2ms)


Started GET "/assets/twitter-bootstrap-static/fontawesome.css?body=1" for 127.0.0.1 at 2013-08-10 11:33:37 -0400
Served asset /twitter-bootstrap-static/fontawesome.css - 304 Not Modified (2ms)


Started GET "/assets/home.css?body=1" for 127.0.0.1 at 2013-08-10 11:33:37 -0400
Served asset /home.css - 304 Not Modified (3ms)


Started GET "/assets/bootstrap_and_overrides.css?body=1" for 127.0.0.1 at 2013-08-10 11:33:37 -0400
Served asset /bootstrap_and_overrides.css - 304 Not Modified (5ms)


Started GET "/assets/scaffolds.css?body=1" for 127.0.0.1 at 2013-08-10 11:33:37 -0400
Served asset /scaffolds.css - 304 Not Modified (2ms)


Started GET "/assets/users.css?body=1" for 127.0.0.1 at 2013-08-10 11:33:37 -0400
Served asset /users.css - 304 Not Modified (1ms)


Started GET "/assets/user_sessions.css?body=1" for 127.0.0.1 at 2013-08-10 11:33:37 -0400
Served asset /user_sessions.css - 304 Not Modified (3ms)


Started GET "/assets/jquery.js?body=1" for 127.0.0.1 at 2013-08-10 11:33:37 -0400
Served asset /jquery.js - 304 Not Modified (5ms)


Started GET "/assets/jquery_ujs.js?body=1" for 127.0.0.1 at 2013-08-10 11:33:37 -0400
Served asset /jquery_ujs.js - 304 Not Modified (2ms)


Started GET "/assets/twitter/bootstrap/bootstrap-transition.js?body=1" for 127.0.0.1 at 2013-08-10 11:33:37 -0400
Served asset /twitter/bootstrap/bootstrap-transition.js - 304 Not Modified (2ms)


Started GET "/assets/twitter/bootstrap/bootstrap-alert.js?body=1" for 127.0.0.1 at 2013-08-10 11:33:37 -0400
Served asset /twitter/bootstrap/bootstrap-alert.js - 304 Not Modified (2ms)


Started GET "/assets/twitter/bootstrap/bootstrap-modal.js?body=1" for 127.0.0.1 at 2013-08-10 11:33:37 -0400
Served asset /twitter/bootstrap/bootstrap-modal.js - 304 Not Modified (4ms)


Started GET "/assets/twitter/bootstrap/bootstrap-dropdown.js?body=1" for 127.0.0.1 at 2013-08-10 11:33:37 -0400
Served asset /twitter/bootstrap/bootstrap-dropdown.js - 304 Not Modified (3ms)


Started GET "/assets/twitter/bootstrap/bootstrap-scrollspy.js?body=1" for 127.0.0.1 at 2013-08-10 11:33:37 -0400
Served asset /twitter/bootstrap/bootstrap-scrollspy.js - 304 Not Modified (6ms)


Started GET "/assets/twitter/bootstrap/bootstrap-tab.js?body=1" for 127.0.0.1 at 2013-08-10 11:33:37 -0400
Served asset /twitter/bootstrap/bootstrap-tab.js - 304 Not Modified (38ms)


Started GET "/assets/twitter/bootstrap/bootstrap-tooltip.js?body=1" for 127.0.0.1 at 2013-08-10 11:33:37 -0400
Served asset /twitter/bootstrap/bootstrap-tooltip.js - 304 Not Modified (7ms)


Started GET "/assets/twitter/bootstrap/bootstrap-button.js?body=1" for 127.0.0.1 at 2013-08-10 11:33:37 -0400
Served asset /twitter/bootstrap/bootstrap-button.js - 304 Not Modified (2ms)


Started GET "/assets/twitter/bootstrap/bootstrap-popover.js?body=1" for 127.0.0.1 at 2013-08-10 11:33:37 -0400
Served asset /twitter/bootstrap/bootstrap-popover.js - 304 Not Modified (3ms)


Started GET "/assets/twitter/bootstrap/bootstrap-carousel.js?body=1" for 127.0.0.1 at 2013-08-10 11:33:37 -0400
Served asset /twitter/bootstrap/bootstrap-carousel.js - 304 Not Modified (4ms)


Started GET "/assets/twitter/bootstrap/bootstrap-collapse.js?body=1" for 127.0.0.1 at 2013-08-10 11:33:37 -0400
Served asset /twitter/bootstrap/bootstrap-collapse.js - 304 Not Modified (4ms)


Started GET "/assets/twitter/bootstrap/bootstrap-typeahead.js?body=1" for 127.0.0.1 at 2013-08-10 11:33:37 -0400
Served asset /twitter/bootstrap/bootstrap-typeahead.js - 304 Not Modified (5ms)


Started GET "/assets/twitter/bootstrap/bootstrap-affix.js?body=1" for 127.0.0.1 at 2013-08-10 11:33:37 -0400
Served asset /twitter/bootstrap/bootstrap-affix.js - 304 Not Modified (7ms)


Started GET "/assets/twitter/bootstrap.js?body=1" for 127.0.0.1 at 2013-08-10 11:33:37 -0400
Served asset /twitter/bootstrap.js - 304 Not Modified (32ms)


Started GET "/assets/bootstrap.js?body=1" for 127.0.0.1 at 2013-08-10 11:33:37 -0400
Served asset /bootstrap.js - 304 Not Modified (2ms)


Started GET "/assets/home.js?body=1" for 127.0.0.1 at 2013-08-10 11:33:37 -0400
Served asset /home.js - 304 Not Modified (1ms)


Started GET "/assets/user_sessions.js?body=1" for 127.0.0.1 at 2013-08-10 11:33:37 -0400
Served asset /user_sessions.js - 304 Not Modified (1ms)


Started GET "/assets/users.js?body=1" for 127.0.0.1 at 2013-08-10 11:33:37 -0400
Served asset /users.js - 304 Not Modified (2ms)


Started GET "/assets/application.js?body=1" for 127.0.0.1 at 2013-08-10 11:33:37 -0400
Served asset /application.js - 304 Not Modified (19ms)


Started GET "/assets/favicon.ico" for 127.0.0.1 at 2013-08-10 11:33:38 -0400
Served asset /favicon.ico - 404 Not Found (4ms)

ActionController::RoutingError (No route matches [GET] "/assets/favicon.ico"):
  actionpack (3.2.6) lib/action_dispatch/middleware/debug_exceptions.rb:21:in `call'
  actionpack (3.2.6) lib/action_dispatch/middleware/show_exceptions.rb:56:in `call'
  railties (3.2.6) lib/rails/rack/logger.rb:26:in `call_app'
  railties (3.2.6) lib/rails/rack/logger.rb:16:in `call'
  actionpack (3.2.6) lib/action_dispatch/middleware/request_id.rb:22:in `call'
  rack (1.4.5) lib/rack/methodoverride.rb:21:in `call'
  rack (1.4.5) lib/rack/runtime.rb:17:in `call'
  activesupport (3.2.6) lib/active_support/cache/strategy/local_cache.rb:72:in `call'
  rack (1.4.5) lib/rack/lock.rb:15:in `call'
  actionpack (3.2.6) lib/action_dispatch/middleware/static.rb:62:in `call'
  railties (3.2.6) lib/rails/engine.rb:479:in `call'
  railties (3.2.6) lib/rails/application.rb:220:in `call'
  rack (1.4.5) lib/rack/content_length.rb:14:in `call'
  railties (3.2.6) lib/rails/rack/log_tailer.rb:17:in `call'
  rack (1.4.5) lib/rack/handler/webrick.rb:59:in `service'
  /home/rboling/.rvm/rubies/ruby-1.9.3-p0/lib/ruby/1.9.1/webrick/httpserver.rb:138:in `service'
  /home/rboling/.rvm/rubies/ruby-1.9.3-p0/lib/ruby/1.9.1/webrick/httpserver.rb:94:in `run'
  /home/rboling/.rvm/rubies/ruby-1.9.3-p0/lib/ruby/1.9.1/webrick/server.rb:191:in `block in start_thread'


  Rendered /home/rboling/.rvm/gems/ruby-1.9.3-p0/gems/actionpack-3.2.6/lib/action_dispatch/middleware/templates/rescues/routing_error.erb within rescues/layout (0.5ms)


Started GET "/assets/favicon.ico" for 127.0.0.1 at 2013-08-10 11:33:58 -0400
Served asset /favicon.ico - 404 Not Found (2ms)

ActionController::RoutingError (No route matches [GET] "/assets/favicon.ico"):
  actionpack (3.2.6) lib/action_dispatch/middleware/debug_exceptions.rb:21:in `call'
  actionpack (3.2.6) lib/action_dispatch/middleware/show_exceptions.rb:56:in `call'
  railties (3.2.6) lib/rails/rack/logger.rb:26:in `call_app'
  railties (3.2.6) lib/rails/rack/logger.rb:16:in `call'
  actionpack (3.2.6) lib/action_dispatch/middleware/request_id.rb:22:in `call'
  rack (1.4.5) lib/rack/methodoverride.rb:21:in `call'
  rack (1.4.5) lib/rack/runtime.rb:17:in `call'
  activesupport (3.2.6) lib/active_support/cache/strategy/local_cache.rb:72:in `call'
  rack (1.4.5) lib/rack/lock.rb:15:in `call'
  actionpack (3.2.6) lib/action_dispatch/middleware/static.rb:62:in `call'
  railties (3.2.6) lib/rails/engine.rb:479:in `call'
  railties (3.2.6) lib/rails/application.rb:220:in `call'
  rack (1.4.5) lib/rack/content_length.rb:14:in `call'
  railties (3.2.6) lib/rails/rack/log_tailer.rb:17:in `call'
  rack (1.4.5) lib/rack/handler/webrick.rb:59:in `service'
  /home/rboling/.rvm/rubies/ruby-1.9.3-p0/lib/ruby/1.9.1/webrick/httpserver.rb:138:in `service'
  /home/rboling/.rvm/rubies/ruby-1.9.3-p0/lib/ruby/1.9.1/webrick/httpserver.rb:94:in `run'
  /home/rboling/.rvm/rubies/ruby-1.9.3-p0/lib/ruby/1.9.1/webrick/server.rb:191:in `block in start_thread'


  Rendered /home/rboling/.rvm/gems/ruby-1.9.3-p0/gems/actionpack-3.2.6/lib/action_dispatch/middleware/templates/rescues/routing_error.erb within rescues/layout (0.5ms)
Connecting to database specified by database.yml
Connecting to database specified by database.yml
  [1m[36m (15.1ms)[0m  [1mSELECT "schema_migrations"."version" FROM "schema_migrations" [0m
Migrating to CreateUsers (20130810151507)
Migrating to CreateTextMessages (20130810200014)
  [1m[35m (0.4ms)[0m  BEGIN
  [1m[36m (405.5ms)[0m  [1mCREATE TABLE "text_messages" ("id" serial primary key, "created_at" timestamp NOT NULL, "updated_at" timestamp NOT NULL) [0m
  [1m[35m (36.3ms)[0m  INSERT INTO "schema_migrations" ("version") VALUES ('20130810200014')
  [1m[36m (39.0ms)[0m  [1mCOMMIT[0m
  [1m[35m (0.7ms)[0m  SELECT "schema_migrations"."version" FROM "schema_migrations" 
  [1m[36mPK and serial sequence (7.6ms)[0m  [1m SELECT attr.attname, seq.relname
 FROM pg_class seq,
 pg_attribute attr,
 pg_depend dep,
 pg_namespace name,
 pg_constraint cons
 WHERE seq.oid = dep.objid
 AND seq.relkind = 'S'
 AND attr.attrelid = dep.refobjid
 AND attr.attnum = dep.refobjsubid
 AND attr.attrelid = cons.conrelid
 AND attr.attnum = cons.conkey[1]
 AND cons.contype = 'p'
 AND dep.refobjid = '"text_messages"'::regclass
[0m
  [1m[35m (17.9ms)[0m   SELECT distinct i.relname, d.indisunique, d.indkey, pg_get_indexdef(d.indexrelid), t.oid
 FROM pg_class t
 INNER JOIN pg_index d ON t.oid = d.indrelid
 INNER JOIN pg_class i ON d.indexrelid = i.oid
 WHERE i.relkind = 'i'
 AND d.indisprimary = 'f'
 AND t.relname = 'text_messages'
 AND i.relnamespace IN (SELECT oid FROM pg_namespace WHERE nspname = ANY (current_schemas(false)) )
 ORDER BY i.relname

  [1m[36mPK and serial sequence (2.4ms)[0m  [1m SELECT attr.attname, seq.relname
 FROM pg_class seq,
 pg_attribute attr,
 pg_depend dep,
 pg_namespace name,
 pg_constraint cons
 WHERE seq.oid = dep.objid
 AND seq.relkind = 'S'
 AND attr.attrelid = dep.refobjid
 AND attr.attnum = dep.refobjsubid
 AND attr.attrelid = cons.conrelid
 AND attr.attnum = cons.conkey[1]
 AND cons.contype = 'p'
 AND dep.refobjid = '"users"'::regclass
[0m
  [1m[35m (1.4ms)[0m   SELECT distinct i.relname, d.indisunique, d.indkey, pg_get_indexdef(d.indexrelid), t.oid
 FROM pg_class t
 INNER JOIN pg_index d ON t.oid = d.indrelid
 INNER JOIN pg_class i ON d.indexrelid = i.oid
 WHERE i.relkind = 'i'
 AND d.indisprimary = 'f'
 AND t.relname = 'users'
 AND i.relnamespace IN (SELECT oid FROM pg_namespace WHERE nspname = ANY (current_schemas(false)) )
 ORDER BY i.relname

Connecting to database specified by database.yml
Connecting to database specified by database.yml
  [1m[36m (0.8ms)[0m  [1mSELECT "schema_migrations"."version" FROM "schema_migrations" [0m
Migrating to CreateUsers (20130810151507)
Migrating to CreateTextMessages (20130810200014)
Migrating to AddSenderAndReceiverAndContentToTextMessages (20130810200329)
  [1m[35m (0.4ms)[0m  BEGIN
  [1m[36m (1.3ms)[0m  [1mALTER TABLE "text_messages" ADD COLUMN "sender" character varying(255)[0m
  [1m[35m (93.0ms)[0m  ALTER TABLE "text_messages" ADD COLUMN "receiver" character varying(255)
  [1m[36m (0.7ms)[0m  [1mALTER TABLE "text_messages" ADD COLUMN "content" text[0m
  [1m[35m (0.6ms)[0m  INSERT INTO "schema_migrations" ("version") VALUES ('20130810200329')
  [1m[36m (23.7ms)[0m  [1mCOMMIT[0m
  [1m[35m (0.6ms)[0m  SELECT "schema_migrations"."version" FROM "schema_migrations" 
  [1m[36mPK and serial sequence (3.3ms)[0m  [1m SELECT attr.attname, seq.relname
 FROM pg_class seq,
 pg_attribute attr,
 pg_depend dep,
 pg_namespace name,
 pg_constraint cons
 WHERE seq.oid = dep.objid
 AND seq.relkind = 'S'
 AND attr.attrelid = dep.refobjid
 AND attr.attnum = dep.refobjsubid
 AND attr.attrelid = cons.conrelid
 AND attr.attnum = cons.conkey[1]
 AND cons.contype = 'p'
 AND dep.refobjid = '"text_messages"'::regclass
[0m
  [1m[35m (2.7ms)[0m   SELECT distinct i.relname, d.indisunique, d.indkey, pg_get_indexdef(d.indexrelid), t.oid
 FROM pg_class t
 INNER JOIN pg_index d ON t.oid = d.indrelid
 INNER JOIN pg_class i ON d.indexrelid = i.oid
 WHERE i.relkind = 'i'
 AND d.indisprimary = 'f'
 AND t.relname = 'text_messages'
 AND i.relnamespace IN (SELECT oid FROM pg_namespace WHERE nspname = ANY (current_schemas(false)) )
 ORDER BY i.relname

  [1m[36mPK and serial sequence (4.3ms)[0m  [1m SELECT attr.attname, seq.relname
 FROM pg_class seq,
 pg_attribute attr,
 pg_depend dep,
 pg_namespace name,
 pg_constraint cons
 WHERE seq.oid = dep.objid
 AND seq.relkind = 'S'
 AND attr.attrelid = dep.refobjid
 AND attr.attnum = dep.refobjsubid
 AND attr.attrelid = cons.conrelid
 AND attr.attnum = cons.conkey[1]
 AND cons.contype = 'p'
 AND dep.refobjid = '"users"'::regclass
[0m
  [1m[35m (2.0ms)[0m   SELECT distinct i.relname, d.indisunique, d.indkey, pg_get_indexdef(d.indexrelid), t.oid
 FROM pg_class t
 INNER JOIN pg_index d ON t.oid = d.indrelid
 INNER JOIN pg_class i ON d.indexrelid = i.oid
 WHERE i.relkind = 'i'
 AND d.indisprimary = 'f'
 AND t.relname = 'users'
 AND i.relnamespace IN (SELECT oid FROM pg_namespace WHERE nspname = ANY (current_schemas(false)) )
 ORDER BY i.relname

Connecting to database specified by database.yml
Connecting to database specified by database.yml
  [1m[36m (0.7ms)[0m  [1mSELECT "schema_migrations"."version" FROM "schema_migrations" [0m
Migrating to CreateUsers (20130810151507)
Migrating to CreateTextMessages (20130810200014)
Migrating to AddSenderAndReceiverAndContentToTextMessages (20130810200329)
  [1m[35m (0.4ms)[0m  SELECT "schema_migrations"."version" FROM "schema_migrations" 
  [1m[36mPK and serial sequence (4.0ms)[0m  [1m SELECT attr.attname, seq.relname
 FROM pg_class seq,
 pg_attribute attr,
 pg_depend dep,
 pg_namespace name,
 pg_constraint cons
 WHERE seq.oid = dep.objid
 AND seq.relkind = 'S'
 AND attr.attrelid = dep.refobjid
 AND attr.attnum = dep.refobjsubid
 AND attr.attrelid = cons.conrelid
 AND attr.attnum = cons.conkey[1]
 AND cons.contype = 'p'
 AND dep.refobjid = '"text_messages"'::regclass
[0m
  [1m[35m (3.2ms)[0m   SELECT distinct i.relname, d.indisunique, d.indkey, pg_get_indexdef(d.indexrelid), t.oid
 FROM pg_class t
 INNER JOIN pg_index d ON t.oid = d.indrelid
 INNER JOIN pg_class i ON d.indexrelid = i.oid
 WHERE i.relkind = 'i'
 AND d.indisprimary = 'f'
 AND t.relname = 'text_messages'
 AND i.relnamespace IN (SELECT oid FROM pg_namespace WHERE nspname = ANY (current_schemas(false)) )
 ORDER BY i.relname

  [1m[36mPK and serial sequence (3.2ms)[0m  [1m SELECT attr.attname, seq.relname
 FROM pg_class seq,
 pg_attribute attr,
 pg_depend dep,
 pg_namespace name,
 pg_constraint cons
 WHERE seq.oid = dep.objid
 AND seq.relkind = 'S'
 AND attr.attrelid = dep.refobjid
 AND attr.attnum = dep.refobjsubid
 AND attr.attrelid = cons.conrelid
 AND attr.attnum = cons.conkey[1]
 AND cons.contype = 'p'
 AND dep.refobjid = '"users"'::regclass
[0m
  [1m[35m (1.7ms)[0m   SELECT distinct i.relname, d.indisunique, d.indkey, pg_get_indexdef(d.indexrelid), t.oid
 FROM pg_class t
 INNER JOIN pg_index d ON t.oid = d.indrelid
 INNER JOIN pg_class i ON d.indexrelid = i.oid
 WHERE i.relkind = 'i'
 AND d.indisprimary = 'f'
 AND t.relname = 'users'
 AND i.relnamespace IN (SELECT oid FROM pg_namespace WHERE nspname = ANY (current_schemas(false)) )
 ORDER BY i.relname

Connecting to database specified by database.yml
  [1m[36m (0.7ms)[0m  [1mSELECT "schema_migrations"."version" FROM "schema_migrations" [0m
Migrating to CreateUsers (20130810151507)
Migrating to CreateTextMessages (20130810200014)
Migrating to AddSenderAndReceiverAndContentToTextMessages (20130810200329)
  [1m[35m (0.6ms)[0m  SELECT "schema_migrations"."version" FROM "schema_migrations" 
  [1m[36mPK and serial sequence (5.1ms)[0m  [1m SELECT attr.attname, seq.relname
 FROM pg_class seq,
 pg_attribute attr,
 pg_depend dep,
 pg_namespace name,
 pg_constraint cons
 WHERE seq.oid = dep.objid
 AND seq.relkind = 'S'
 AND attr.attrelid = dep.refobjid
 AND attr.attnum = dep.refobjsubid
 AND attr.attrelid = cons.conrelid
 AND attr.attnum = cons.conkey[1]
 AND cons.contype = 'p'
 AND dep.refobjid = '"text_messages"'::regclass
[0m
  [1m[35m (4.0ms)[0m   SELECT distinct i.relname, d.indisunique, d.indkey, pg_get_indexdef(d.indexrelid), t.oid
 FROM pg_class t
 INNER JOIN pg_index d ON t.oid = d.indrelid
 INNER JOIN pg_class i ON d.indexrelid = i.oid
 WHERE i.relkind = 'i'
 AND d.indisprimary = 'f'
 AND t.relname = 'text_messages'
 AND i.relnamespace IN (SELECT oid FROM pg_namespace WHERE nspname = ANY (current_schemas(false)) )
 ORDER BY i.relname

  [1m[36mPK and serial sequence (4.5ms)[0m  [1m SELECT attr.attname, seq.relname
 FROM pg_class seq,
 pg_attribute attr,
 pg_depend dep,
 pg_namespace name,
 pg_constraint cons
 WHERE seq.oid = dep.objid
 AND seq.relkind = 'S'
 AND attr.attrelid = dep.refobjid
 AND attr.attnum = dep.refobjsubid
 AND attr.attrelid = cons.conrelid
 AND attr.attnum = cons.conkey[1]
 AND cons.contype = 'p'
 AND dep.refobjid = '"users"'::regclass
[0m
  [1m[35m (2.0ms)[0m   SELECT distinct i.relname, d.indisunique, d.indkey, pg_get_indexdef(d.indexrelid), t.oid
 FROM pg_class t
 INNER JOIN pg_index d ON t.oid = d.indrelid
 INNER JOIN pg_class i ON d.indexrelid = i.oid
 WHERE i.relkind = 'i'
 AND d.indisprimary = 'f'
 AND t.relname = 'users'
 AND i.relnamespace IN (SELECT oid FROM pg_namespace WHERE nspname = ANY (current_schemas(false)) )
 ORDER BY i.relname

Connecting to database specified by database.yml
  [1m[36m (0.8ms)[0m  [1mSELECT "schema_migrations"."version" FROM "schema_migrations" [0m
  [1m[35m (329.2ms)[0m  DROP DATABASE IF EXISTS "freedomhack_app_test"
  [1m[36m (923.7ms)[0m  [1mCREATE DATABASE "freedomhack_app_test" ENCODING = 'unicode'[0m
  [1m[35m (219.8ms)[0m  CREATE TABLE "text_messages" ("id" serial primary key, "created_at" timestamp NOT NULL, "updated_at" timestamp NOT NULL, "sender" character varying(255), "receiver" character varying(255), "content" text) 
  [1m[36m (172.1ms)[0m  [1mCREATE TABLE "users" ("id" serial primary key, "username" character varying(255), "email" character varying(255), "crypted_password" character varying(255), "password_salt" character varying(255), "persistence_token" character varying(255), "created_at" timestamp NOT NULL, "updated_at" timestamp NOT NULL) [0m
  [1m[35m (23.3ms)[0m  CREATE TABLE "schema_migrations" ("version" character varying(255) NOT NULL) 
  [1m[36m (5.4ms)[0m  [1m SELECT distinct i.relname, d.indisunique, d.indkey, pg_get_indexdef(d.indexrelid), t.oid
 FROM pg_class t
 INNER JOIN pg_index d ON t.oid = d.indrelid
 INNER JOIN pg_class i ON d.indexrelid = i.oid
 WHERE i.relkind = 'i'
 AND d.indisprimary = 'f'
 AND t.relname = 'schema_migrations'
 AND i.relnamespace IN (SELECT oid FROM pg_namespace WHERE nspname = ANY (current_schemas(false)) )
 ORDER BY i.relname
[0m
  [1m[35m (118.1ms)[0m  CREATE UNIQUE INDEX "unique_schema_migrations" ON "schema_migrations" ("version")
  [1m[36m (0.8ms)[0m  [1mSELECT version FROM "schema_migrations"[0m
  [1m[35m (30.1ms)[0m  INSERT INTO "schema_migrations" (version) VALUES ('20130810200329')
  [1m[36m (23.5ms)[0m  [1mINSERT INTO "schema_migrations" (version) VALUES ('20130810151507')[0m
  [1m[35m (17.2ms)[0m  INSERT INTO "schema_migrations" (version) VALUES ('20130810200014')
